#-----------------------------------------------------------
# Vivado v2017.2 (64-bit)
# SW Build 1909853 on Thu Jun 15 18:39:09 MDT 2017
# IP Build 1909766 on Thu Jun 15 19:58:00 MDT 2017
# Start of session at: Thu Jul 13 17:54:11 2017
# Process ID: 5232
# Current directory: C:/Users/cao2/Desktop/soci-master-af9a83b1cf7c69a17bf7ed9f1c24942b5f6e0618/soci-master-af9a83b1cf7c69a17bf7ed9f1c24942b5f6e0618/soc_ic
# Command line: vivado.exe -gui_launcher_event rodinguilauncherevent6128 C:\Users\cao2\Desktop\soci-master-af9a83b1cf7c69a17bf7ed9f1c24942b5f6e0618\soci-master-af9a83b1cf7c69a17bf7ed9f1c24942b5f6e0618\soc_ic\soc_ic.xpr
# Log file: C:/Users/cao2/Desktop/soci-master-af9a83b1cf7c69a17bf7ed9f1c24942b5f6e0618/soci-master-af9a83b1cf7c69a17bf7ed9f1c24942b5f6e0618/soc_ic/vivado.log
# Journal file: C:/Users/cao2/Desktop/soci-master-af9a83b1cf7c69a17bf7ed9f1c24942b5f6e0618/soci-master-af9a83b1cf7c69a17bf7ed9f1c24942b5f6e0618/soc_ic\vivado.jou
#-----------------------------------------------------------
start_gui
open_project C:/Users/cao2/Desktop/soci-master-af9a83b1cf7c69a17bf7ed9f1c24942b5f6e0618/soci-master-af9a83b1cf7c69a17bf7ed9f1c24942b5f6e0618/soc_ic/soc_ic.xpr
INFO: [ProjectBase 1-489] The host OS only allows 260 characters in a normal path. The project is stored in a path with more than 80 characters. If you experience issues with IP, Block Designs, or files not being found, please consider moving the project to a location with a shorter path. Alternately consider using the OS subst command to map part of the path to a drive letter.
Current project path is 'C:/Users/cao2/Desktop/soci-master-af9a83b1cf7c69a17bf7ed9f1c24942b5f6e0618/soci-master-af9a83b1cf7c69a17bf7ed9f1c24942b5f6e0618/soc_ic'
Scanning sources...
Finished scanning sources
WARNING: [filemgmt 56-3] IPUserFilesDir: Could not find the directory 'C:/Users/cao2/Desktop/soci-master-af9a83b1cf7c69a17bf7ed9f1c24942b5f6e0618/soci-master-af9a83b1cf7c69a17bf7ed9f1c24942b5f6e0618/soc_ic/soc_ic.ip_user_files'.
INFO: [IP_Flow 19-234] Refreshing IP repositories
INFO: [IP_Flow 19-1704] No user IP repositories specified
INFO: [IP_Flow 19-2313] Loaded Vivado IP repository 'C:/Xilinx/Vivado/2017.2/data/ip'.
open_project: Time (s): cpu = 00:00:12 ; elapsed = 00:00:12 . Memory (MB): peak = 844.152 ; gain = 77.402
update_compile_order -fileset sources_1
reset_run synth_1
launch_runs synth_1 -jobs 4
[Thu Jul 13 17:55:01 2017] Launched synth_1...
Run output will be captured here: C:/Users/cao2/Desktop/soci-master-af9a83b1cf7c69a17bf7ed9f1c24942b5f6e0618/soci-master-af9a83b1cf7c69a17bf7ed9f1c24942b5f6e0618/soc_ic/soc_ic.runs/synth_1/runme.log
open_run synth_1 -name synth_1
Design is defaulting to impl run constrset: constrs_1
Design is defaulting to synth run part: xc7z020clg484-1
INFO: [Netlist 29-17] Analyzing 2055 Unisim elements for replacement
INFO: [Netlist 29-28] Unisim Transformation completed in 0 CPU seconds
INFO: [Project 1-479] Netlist was created with Vivado 2017.2
INFO: [Device 21-403] Loading part xc7z020clg484-1
INFO: [Project 1-570] Preparing netlist for logic optimization
Parsing XDC File [C:/Users/cao2/Desktop/soci-master-af9a83b1cf7c69a17bf7ed9f1c24942b5f6e0618/soci-master-af9a83b1cf7c69a17bf7ed9f1c24942b5f6e0618/soc_ic/zedboard_master.xdc]
WARNING: [Vivado 12-584] No ports matched 'AC_ADR0'. [C:/Users/cao2/Desktop/soci-master-af9a83b1cf7c69a17bf7ed9f1c24942b5f6e0618/soci-master-af9a83b1cf7c69a17bf7ed9f1c24942b5f6e0618/soc_ic/zedboard_master.xdc:69]
CRITICAL WARNING: [Common 17-55] 'set_property' expects at least one object. [C:/Users/cao2/Desktop/soci-master-af9a83b1cf7c69a17bf7ed9f1c24942b5f6e0618/soci-master-af9a83b1cf7c69a17bf7ed9f1c24942b5f6e0618/soc_ic/zedboard_master.xdc:69]
Resolution: If [get_<value>] was used to populate the object, check to make sure this command returns at least one valid object.
WARNING: [Vivado 12-584] No ports matched 'AC_ADR1'. [C:/Users/cao2/Desktop/soci-master-af9a83b1cf7c69a17bf7ed9f1c24942b5f6e0618/soci-master-af9a83b1cf7c69a17bf7ed9f1c24942b5f6e0618/soc_ic/zedboard_master.xdc:70]
CRITICAL WARNING: [Common 17-55] 'set_property' expects at least one object. [C:/Users/cao2/Desktop/soci-master-af9a83b1cf7c69a17bf7ed9f1c24942b5f6e0618/soci-master-af9a83b1cf7c69a17bf7ed9f1c24942b5f6e0618/soc_ic/zedboard_master.xdc:70]
Resolution: If [get_<value>] was used to populate the object, check to make sure this command returns at least one valid object.
WARNING: [Vivado 12-584] No ports matched 'AC_GPIO0'. [C:/Users/cao2/Desktop/soci-master-af9a83b1cf7c69a17bf7ed9f1c24942b5f6e0618/soci-master-af9a83b1cf7c69a17bf7ed9f1c24942b5f6e0618/soc_ic/zedboard_master.xdc:71]
CRITICAL WARNING: [Common 17-55] 'set_property' expects at least one object. [C:/Users/cao2/Desktop/soci-master-af9a83b1cf7c69a17bf7ed9f1c24942b5f6e0618/soci-master-af9a83b1cf7c69a17bf7ed9f1c24942b5f6e0618/soc_ic/zedboard_master.xdc:71]
Resolution: If [get_<value>] was used to populate the object, check to make sure this command returns at least one valid object.
WARNING: [Vivado 12-584] No ports matched 'AC_GPIO1'. [C:/Users/cao2/Desktop/soci-master-af9a83b1cf7c69a17bf7ed9f1c24942b5f6e0618/soci-master-af9a83b1cf7c69a17bf7ed9f1c24942b5f6e0618/soc_ic/zedboard_master.xdc:72]
CRITICAL WARNING: [Common 17-55] 'set_property' expects at least one object. [C:/Users/cao2/Desktop/soci-master-af9a83b1cf7c69a17bf7ed9f1c24942b5f6e0618/soci-master-af9a83b1cf7c69a17bf7ed9f1c24942b5f6e0618/soc_ic/zedboard_master.xdc:72]
Resolution: If [get_<value>] was used to populate the object, check to make sure this command returns at least one valid object.
WARNING: [Vivado 12-584] No ports matched 'AC_GPIO2'. [C:/Users/cao2/Desktop/soci-master-af9a83b1cf7c69a17bf7ed9f1c24942b5f6e0618/soci-master-af9a83b1cf7c69a17bf7ed9f1c24942b5f6e0618/soc_ic/zedboard_master.xdc:73]
CRITICAL WARNING: [Common 17-55] 'set_property' expects at least one object. [C:/Users/cao2/Desktop/soci-master-af9a83b1cf7c69a17bf7ed9f1c24942b5f6e0618/soci-master-af9a83b1cf7c69a17bf7ed9f1c24942b5f6e0618/soc_ic/zedboard_master.xdc:73]
Resolution: If [get_<value>] was used to populate the object, check to make sure this command returns at least one valid object.
WARNING: [Vivado 12-584] No ports matched 'AC_GPIO3'. [C:/Users/cao2/Desktop/soci-master-af9a83b1cf7c69a17bf7ed9f1c24942b5f6e0618/soci-master-af9a83b1cf7c69a17bf7ed9f1c24942b5f6e0618/soc_ic/zedboard_master.xdc:74]
CRITICAL WARNING: [Common 17-55] 'set_property' expects at least one object. [C:/Users/cao2/Desktop/soci-master-af9a83b1cf7c69a17bf7ed9f1c24942b5f6e0618/soci-master-af9a83b1cf7c69a17bf7ed9f1c24942b5f6e0618/soc_ic/zedboard_master.xdc:74]
Resolution: If [get_<value>] was used to populate the object, check to make sure this command returns at least one valid object.
WARNING: [Vivado 12-584] No ports matched 'AC_MCLK'. [C:/Users/cao2/Desktop/soci-master-af9a83b1cf7c69a17bf7ed9f1c24942b5f6e0618/soci-master-af9a83b1cf7c69a17bf7ed9f1c24942b5f6e0618/soc_ic/zedboard_master.xdc:75]
CRITICAL WARNING: [Common 17-55] 'set_property' expects at least one object. [C:/Users/cao2/Desktop/soci-master-af9a83b1cf7c69a17bf7ed9f1c24942b5f6e0618/soci-master-af9a83b1cf7c69a17bf7ed9f1c24942b5f6e0618/soc_ic/zedboard_master.xdc:75]
Resolution: If [get_<value>] was used to populate the object, check to make sure this command returns at least one valid object.
WARNING: [Vivado 12-584] No ports matched 'AC_SCK'. [C:/Users/cao2/Desktop/soci-master-af9a83b1cf7c69a17bf7ed9f1c24942b5f6e0618/soci-master-af9a83b1cf7c69a17bf7ed9f1c24942b5f6e0618/soc_ic/zedboard_master.xdc:76]
CRITICAL WARNING: [Common 17-55] 'set_property' expects at least one object. [C:/Users/cao2/Desktop/soci-master-af9a83b1cf7c69a17bf7ed9f1c24942b5f6e0618/soci-master-af9a83b1cf7c69a17bf7ed9f1c24942b5f6e0618/soc_ic/zedboard_master.xdc:76]
Resolution: If [get_<value>] was used to populate the object, check to make sure this command returns at least one valid object.
WARNING: [Vivado 12-584] No ports matched 'AC_SDA'. [C:/Users/cao2/Desktop/soci-master-af9a83b1cf7c69a17bf7ed9f1c24942b5f6e0618/soci-master-af9a83b1cf7c69a17bf7ed9f1c24942b5f6e0618/soc_ic/zedboard_master.xdc:77]
CRITICAL WARNING: [Common 17-55] 'set_property' expects at least one object. [C:/Users/cao2/Desktop/soci-master-af9a83b1cf7c69a17bf7ed9f1c24942b5f6e0618/soci-master-af9a83b1cf7c69a17bf7ed9f1c24942b5f6e0618/soc_ic/zedboard_master.xdc:77]
Resolution: If [get_<value>] was used to populate the object, check to make sure this command returns at least one valid object.
WARNING: [Vivado 12-584] No ports matched 'GCLK'. [C:/Users/cao2/Desktop/soci-master-af9a83b1cf7c69a17bf7ed9f1c24942b5f6e0618/soci-master-af9a83b1cf7c69a17bf7ed9f1c24942b5f6e0618/soc_ic/zedboard_master.xdc:82]
CRITICAL WARNING: [Common 17-55] 'set_property' expects at least one object. [C:/Users/cao2/Desktop/soci-master-af9a83b1cf7c69a17bf7ed9f1c24942b5f6e0618/soci-master-af9a83b1cf7c69a17bf7ed9f1c24942b5f6e0618/soc_ic/zedboard_master.xdc:82]
Resolution: If [get_<value>] was used to populate the object, check to make sure this command returns at least one valid object.
WARNING: [Vivado 12-584] No ports matched 'JA1'. [C:/Users/cao2/Desktop/soci-master-af9a83b1cf7c69a17bf7ed9f1c24942b5f6e0618/soci-master-af9a83b1cf7c69a17bf7ed9f1c24942b5f6e0618/soc_ic/zedboard_master.xdc:87]
CRITICAL WARNING: [Common 17-55] 'set_property' expects at least one object. [C:/Users/cao2/Desktop/soci-master-af9a83b1cf7c69a17bf7ed9f1c24942b5f6e0618/soci-master-af9a83b1cf7c69a17bf7ed9f1c24942b5f6e0618/soc_ic/zedboard_master.xdc:87]
Resolution: If [get_<value>] was used to populate the object, check to make sure this command returns at least one valid object.
WARNING: [Vivado 12-584] No ports matched 'JA10'. [C:/Users/cao2/Desktop/soci-master-af9a83b1cf7c69a17bf7ed9f1c24942b5f6e0618/soci-master-af9a83b1cf7c69a17bf7ed9f1c24942b5f6e0618/soc_ic/zedboard_master.xdc:88]
CRITICAL WARNING: [Common 17-55] 'set_property' expects at least one object. [C:/Users/cao2/Desktop/soci-master-af9a83b1cf7c69a17bf7ed9f1c24942b5f6e0618/soci-master-af9a83b1cf7c69a17bf7ed9f1c24942b5f6e0618/soc_ic/zedboard_master.xdc:88]
Resolution: If [get_<value>] was used to populate the object, check to make sure this command returns at least one valid object.
WARNING: [Vivado 12-584] No ports matched 'JA2'. [C:/Users/cao2/Desktop/soci-master-af9a83b1cf7c69a17bf7ed9f1c24942b5f6e0618/soci-master-af9a83b1cf7c69a17bf7ed9f1c24942b5f6e0618/soc_ic/zedboard_master.xdc:89]
CRITICAL WARNING: [Common 17-55] 'set_property' expects at least one object. [C:/Users/cao2/Desktop/soci-master-af9a83b1cf7c69a17bf7ed9f1c24942b5f6e0618/soci-master-af9a83b1cf7c69a17bf7ed9f1c24942b5f6e0618/soc_ic/zedboard_master.xdc:89]
Resolution: If [get_<value>] was used to populate the object, check to make sure this command returns at least one valid object.
WARNING: [Vivado 12-584] No ports matched 'JA3'. [C:/Users/cao2/Desktop/soci-master-af9a83b1cf7c69a17bf7ed9f1c24942b5f6e0618/soci-master-af9a83b1cf7c69a17bf7ed9f1c24942b5f6e0618/soc_ic/zedboard_master.xdc:90]
CRITICAL WARNING: [Common 17-55] 'set_property' expects at least one object. [C:/Users/cao2/Desktop/soci-master-af9a83b1cf7c69a17bf7ed9f1c24942b5f6e0618/soci-master-af9a83b1cf7c69a17bf7ed9f1c24942b5f6e0618/soc_ic/zedboard_master.xdc:90]
Resolution: If [get_<value>] was used to populate the object, check to make sure this command returns at least one valid object.
WARNING: [Vivado 12-584] No ports matched 'JA4'. [C:/Users/cao2/Desktop/soci-master-af9a83b1cf7c69a17bf7ed9f1c24942b5f6e0618/soci-master-af9a83b1cf7c69a17bf7ed9f1c24942b5f6e0618/soc_ic/zedboard_master.xdc:91]
CRITICAL WARNING: [Common 17-55] 'set_property' expects at least one object. [C:/Users/cao2/Desktop/soci-master-af9a83b1cf7c69a17bf7ed9f1c24942b5f6e0618/soci-master-af9a83b1cf7c69a17bf7ed9f1c24942b5f6e0618/soc_ic/zedboard_master.xdc:91]
Resolution: If [get_<value>] was used to populate the object, check to make sure this command returns at least one valid object.
WARNING: [Vivado 12-584] No ports matched 'JA7'. [C:/Users/cao2/Desktop/soci-master-af9a83b1cf7c69a17bf7ed9f1c24942b5f6e0618/soci-master-af9a83b1cf7c69a17bf7ed9f1c24942b5f6e0618/soc_ic/zedboard_master.xdc:92]
CRITICAL WARNING: [Common 17-55] 'set_property' expects at least one object. [C:/Users/cao2/Desktop/soci-master-af9a83b1cf7c69a17bf7ed9f1c24942b5f6e0618/soci-master-af9a83b1cf7c69a17bf7ed9f1c24942b5f6e0618/soc_ic/zedboard_master.xdc:92]
Resolution: If [get_<value>] was used to populate the object, check to make sure this command returns at least one valid object.
WARNING: [Vivado 12-584] No ports matched 'JA8'. [C:/Users/cao2/Desktop/soci-master-af9a83b1cf7c69a17bf7ed9f1c24942b5f6e0618/soci-master-af9a83b1cf7c69a17bf7ed9f1c24942b5f6e0618/soc_ic/zedboard_master.xdc:93]
CRITICAL WARNING: [Common 17-55] 'set_property' expects at least one object. [C:/Users/cao2/Desktop/soci-master-af9a83b1cf7c69a17bf7ed9f1c24942b5f6e0618/soci-master-af9a83b1cf7c69a17bf7ed9f1c24942b5f6e0618/soc_ic/zedboard_master.xdc:93]
Resolution: If [get_<value>] was used to populate the object, check to make sure this command returns at least one valid object.
WARNING: [Vivado 12-584] No ports matched 'JA9'. [C:/Users/cao2/Desktop/soci-master-af9a83b1cf7c69a17bf7ed9f1c24942b5f6e0618/soci-master-af9a83b1cf7c69a17bf7ed9f1c24942b5f6e0618/soc_ic/zedboard_master.xdc:94]
CRITICAL WARNING: [Common 17-55] 'set_property' expects at least one object. [C:/Users/cao2/Desktop/soci-master-af9a83b1cf7c69a17bf7ed9f1c24942b5f6e0618/soci-master-af9a83b1cf7c69a17bf7ed9f1c24942b5f6e0618/soc_ic/zedboard_master.xdc:94]
Resolution: If [get_<value>] was used to populate the object, check to make sure this command returns at least one valid object.
WARNING: [Vivado 12-584] No ports matched 'JB1'. [C:/Users/cao2/Desktop/soci-master-af9a83b1cf7c69a17bf7ed9f1c24942b5f6e0618/soci-master-af9a83b1cf7c69a17bf7ed9f1c24942b5f6e0618/soc_ic/zedboard_master.xdc:100]
CRITICAL WARNING: [Common 17-55] 'set_property' expects at least one object. [C:/Users/cao2/Desktop/soci-master-af9a83b1cf7c69a17bf7ed9f1c24942b5f6e0618/soci-master-af9a83b1cf7c69a17bf7ed9f1c24942b5f6e0618/soc_ic/zedboard_master.xdc:100]
Resolution: If [get_<value>] was used to populate the object, check to make sure this command returns at least one valid object.
WARNING: [Vivado 12-584] No ports matched 'JB10'. [C:/Users/cao2/Desktop/soci-master-af9a83b1cf7c69a17bf7ed9f1c24942b5f6e0618/soci-master-af9a83b1cf7c69a17bf7ed9f1c24942b5f6e0618/soc_ic/zedboard_master.xdc:101]
CRITICAL WARNING: [Common 17-55] 'set_property' expects at least one object. [C:/Users/cao2/Desktop/soci-master-af9a83b1cf7c69a17bf7ed9f1c24942b5f6e0618/soci-master-af9a83b1cf7c69a17bf7ed9f1c24942b5f6e0618/soc_ic/zedboard_master.xdc:101]
Resolution: If [get_<value>] was used to populate the object, check to make sure this command returns at least one valid object.
WARNING: [Vivado 12-584] No ports matched 'JB2'. [C:/Users/cao2/Desktop/soci-master-af9a83b1cf7c69a17bf7ed9f1c24942b5f6e0618/soci-master-af9a83b1cf7c69a17bf7ed9f1c24942b5f6e0618/soc_ic/zedboard_master.xdc:102]
CRITICAL WARNING: [Common 17-55] 'set_property' expects at least one object. [C:/Users/cao2/Desktop/soci-master-af9a83b1cf7c69a17bf7ed9f1c24942b5f6e0618/soci-master-af9a83b1cf7c69a17bf7ed9f1c24942b5f6e0618/soc_ic/zedboard_master.xdc:102]
Resolution: If [get_<value>] was used to populate the object, check to make sure this command returns at least one valid object.
WARNING: [Vivado 12-584] No ports matched 'JB3'. [C:/Users/cao2/Desktop/soci-master-af9a83b1cf7c69a17bf7ed9f1c24942b5f6e0618/soci-master-af9a83b1cf7c69a17bf7ed9f1c24942b5f6e0618/soc_ic/zedboard_master.xdc:103]
CRITICAL WARNING: [Common 17-55] 'set_property' expects at least one object. [C:/Users/cao2/Desktop/soci-master-af9a83b1cf7c69a17bf7ed9f1c24942b5f6e0618/soci-master-af9a83b1cf7c69a17bf7ed9f1c24942b5f6e0618/soc_ic/zedboard_master.xdc:103]
Resolution: If [get_<value>] was used to populate the object, check to make sure this command returns at least one valid object.
WARNING: [Vivado 12-584] No ports matched 'JB4'. [C:/Users/cao2/Desktop/soci-master-af9a83b1cf7c69a17bf7ed9f1c24942b5f6e0618/soci-master-af9a83b1cf7c69a17bf7ed9f1c24942b5f6e0618/soc_ic/zedboard_master.xdc:104]
CRITICAL WARNING: [Common 17-55] 'set_property' expects at least one object. [C:/Users/cao2/Desktop/soci-master-af9a83b1cf7c69a17bf7ed9f1c24942b5f6e0618/soci-master-af9a83b1cf7c69a17bf7ed9f1c24942b5f6e0618/soc_ic/zedboard_master.xdc:104]
Resolution: If [get_<value>] was used to populate the object, check to make sure this command returns at least one valid object.
WARNING: [Vivado 12-584] No ports matched 'JB7'. [C:/Users/cao2/Desktop/soci-master-af9a83b1cf7c69a17bf7ed9f1c24942b5f6e0618/soci-master-af9a83b1cf7c69a17bf7ed9f1c24942b5f6e0618/soc_ic/zedboard_master.xdc:105]
CRITICAL WARNING: [Common 17-55] 'set_property' expects at least one object. [C:/Users/cao2/Desktop/soci-master-af9a83b1cf7c69a17bf7ed9f1c24942b5f6e0618/soci-master-af9a83b1cf7c69a17bf7ed9f1c24942b5f6e0618/soc_ic/zedboard_master.xdc:105]
Resolution: If [get_<value>] was used to populate the object, check to make sure this command returns at least one valid object.
WARNING: [Vivado 12-584] No ports matched 'JB8'. [C:/Users/cao2/Desktop/soci-master-af9a83b1cf7c69a17bf7ed9f1c24942b5f6e0618/soci-master-af9a83b1cf7c69a17bf7ed9f1c24942b5f6e0618/soc_ic/zedboard_master.xdc:106]
CRITICAL WARNING: [Common 17-55] 'set_property' expects at least one object. [C:/Users/cao2/Desktop/soci-master-af9a83b1cf7c69a17bf7ed9f1c24942b5f6e0618/soci-master-af9a83b1cf7c69a17bf7ed9f1c24942b5f6e0618/soc_ic/zedboard_master.xdc:106]
Resolution: If [get_<value>] was used to populate the object, check to make sure this command returns at least one valid object.
WARNING: [Vivado 12-584] No ports matched 'JB9'. [C:/Users/cao2/Desktop/soci-master-af9a83b1cf7c69a17bf7ed9f1c24942b5f6e0618/soci-master-af9a83b1cf7c69a17bf7ed9f1c24942b5f6e0618/soc_ic/zedboard_master.xdc:107]
CRITICAL WARNING: [Common 17-55] 'set_property' expects at least one object. [C:/Users/cao2/Desktop/soci-master-af9a83b1cf7c69a17bf7ed9f1c24942b5f6e0618/soci-master-af9a83b1cf7c69a17bf7ed9f1c24942b5f6e0618/soc_ic/zedboard_master.xdc:107]
Resolution: If [get_<value>] was used to populate the object, check to make sure this command returns at least one valid object.
WARNING: [Vivado 12-584] No ports matched 'JC1_N'. [C:/Users/cao2/Desktop/soci-master-af9a83b1cf7c69a17bf7ed9f1c24942b5f6e0618/soci-master-af9a83b1cf7c69a17bf7ed9f1c24942b5f6e0618/soc_ic/zedboard_master.xdc:112]
CRITICAL WARNING: [Common 17-55] 'set_property' expects at least one object. [C:/Users/cao2/Desktop/soci-master-af9a83b1cf7c69a17bf7ed9f1c24942b5f6e0618/soci-master-af9a83b1cf7c69a17bf7ed9f1c24942b5f6e0618/soc_ic/zedboard_master.xdc:112]
Resolution: If [get_<value>] was used to populate the object, check to make sure this command returns at least one valid object.
WARNING: [Vivado 12-584] No ports matched 'JC1_P'. [C:/Users/cao2/Desktop/soci-master-af9a83b1cf7c69a17bf7ed9f1c24942b5f6e0618/soci-master-af9a83b1cf7c69a17bf7ed9f1c24942b5f6e0618/soc_ic/zedboard_master.xdc:113]
CRITICAL WARNING: [Common 17-55] 'set_property' expects at least one object. [C:/Users/cao2/Desktop/soci-master-af9a83b1cf7c69a17bf7ed9f1c24942b5f6e0618/soci-master-af9a83b1cf7c69a17bf7ed9f1c24942b5f6e0618/soc_ic/zedboard_master.xdc:113]
Resolution: If [get_<value>] was used to populate the object, check to make sure this command returns at least one valid object.
WARNING: [Vivado 12-584] No ports matched 'JC2_N'. [C:/Users/cao2/Desktop/soci-master-af9a83b1cf7c69a17bf7ed9f1c24942b5f6e0618/soci-master-af9a83b1cf7c69a17bf7ed9f1c24942b5f6e0618/soc_ic/zedboard_master.xdc:114]
CRITICAL WARNING: [Common 17-55] 'set_property' expects at least one object. [C:/Users/cao2/Desktop/soci-master-af9a83b1cf7c69a17bf7ed9f1c24942b5f6e0618/soci-master-af9a83b1cf7c69a17bf7ed9f1c24942b5f6e0618/soc_ic/zedboard_master.xdc:114]
Resolution: If [get_<value>] was used to populate the object, check to make sure this command returns at least one valid object.
WARNING: [Vivado 12-584] No ports matched 'JC2_P'. [C:/Users/cao2/Desktop/soci-master-af9a83b1cf7c69a17bf7ed9f1c24942b5f6e0618/soci-master-af9a83b1cf7c69a17bf7ed9f1c24942b5f6e0618/soc_ic/zedboard_master.xdc:115]
CRITICAL WARNING: [Common 17-55] 'set_property' expects at least one object. [C:/Users/cao2/Desktop/soci-master-af9a83b1cf7c69a17bf7ed9f1c24942b5f6e0618/soci-master-af9a83b1cf7c69a17bf7ed9f1c24942b5f6e0618/soc_ic/zedboard_master.xdc:115]
Resolution: If [get_<value>] was used to populate the object, check to make sure this command returns at least one valid object.
WARNING: [Vivado 12-584] No ports matched 'JC3_N'. [C:/Users/cao2/Desktop/soci-master-af9a83b1cf7c69a17bf7ed9f1c24942b5f6e0618/soci-master-af9a83b1cf7c69a17bf7ed9f1c24942b5f6e0618/soc_ic/zedboard_master.xdc:116]
CRITICAL WARNING: [Common 17-55] 'set_property' expects at least one object. [C:/Users/cao2/Desktop/soci-master-af9a83b1cf7c69a17bf7ed9f1c24942b5f6e0618/soci-master-af9a83b1cf7c69a17bf7ed9f1c24942b5f6e0618/soc_ic/zedboard_master.xdc:116]
Resolution: If [get_<value>] was used to populate the object, check to make sure this command returns at least one valid object.
WARNING: [Vivado 12-584] No ports matched 'JC3_P'. [C:/Users/cao2/Desktop/soci-master-af9a83b1cf7c69a17bf7ed9f1c24942b5f6e0618/soci-master-af9a83b1cf7c69a17bf7ed9f1c24942b5f6e0618/soc_ic/zedboard_master.xdc:117]
CRITICAL WARNING: [Common 17-55] 'set_property' expects at least one object. [C:/Users/cao2/Desktop/soci-master-af9a83b1cf7c69a17bf7ed9f1c24942b5f6e0618/soci-master-af9a83b1cf7c69a17bf7ed9f1c24942b5f6e0618/soc_ic/zedboard_master.xdc:117]
Resolution: If [get_<value>] was used to populate the object, check to make sure this command returns at least one valid object.
WARNING: [Vivado 12-584] No ports matched 'JC4_N'. [C:/Users/cao2/Desktop/soci-master-af9a83b1cf7c69a17bf7ed9f1c24942b5f6e0618/soci-master-af9a83b1cf7c69a17bf7ed9f1c24942b5f6e0618/soc_ic/zedboard_master.xdc:118]
CRITICAL WARNING: [Common 17-55] 'set_property' expects at least one object. [C:/Users/cao2/Desktop/soci-master-af9a83b1cf7c69a17bf7ed9f1c24942b5f6e0618/soci-master-af9a83b1cf7c69a17bf7ed9f1c24942b5f6e0618/soc_ic/zedboard_master.xdc:118]
Resolution: If [get_<value>] was used to populate the object, check to make sure this command returns at least one valid object.
WARNING: [Vivado 12-584] No ports matched 'JC4_P'. [C:/Users/cao2/Desktop/soci-master-af9a83b1cf7c69a17bf7ed9f1c24942b5f6e0618/soci-master-af9a83b1cf7c69a17bf7ed9f1c24942b5f6e0618/soc_ic/zedboard_master.xdc:119]
CRITICAL WARNING: [Common 17-55] 'set_property' expects at least one object. [C:/Users/cao2/Desktop/soci-master-af9a83b1cf7c69a17bf7ed9f1c24942b5f6e0618/soci-master-af9a83b1cf7c69a17bf7ed9f1c24942b5f6e0618/soc_ic/zedboard_master.xdc:119]
Resolution: If [get_<value>] was used to populate the object, check to make sure this command returns at least one valid object.
WARNING: [Vivado 12-584] No ports matched 'JD1_N'. [C:/Users/cao2/Desktop/soci-master-af9a83b1cf7c69a17bf7ed9f1c24942b5f6e0618/soci-master-af9a83b1cf7c69a17bf7ed9f1c24942b5f6e0618/soc_ic/zedboard_master.xdc:124]
CRITICAL WARNING: [Common 17-55] 'set_property' expects at least one object. [C:/Users/cao2/Desktop/soci-master-af9a83b1cf7c69a17bf7ed9f1c24942b5f6e0618/soci-master-af9a83b1cf7c69a17bf7ed9f1c24942b5f6e0618/soc_ic/zedboard_master.xdc:124]
Resolution: If [get_<value>] was used to populate the object, check to make sure this command returns at least one valid object.
WARNING: [Vivado 12-584] No ports matched 'JD1_P'. [C:/Users/cao2/Desktop/soci-master-af9a83b1cf7c69a17bf7ed9f1c24942b5f6e0618/soci-master-af9a83b1cf7c69a17bf7ed9f1c24942b5f6e0618/soc_ic/zedboard_master.xdc:125]
CRITICAL WARNING: [Common 17-55] 'set_property' expects at least one object. [C:/Users/cao2/Desktop/soci-master-af9a83b1cf7c69a17bf7ed9f1c24942b5f6e0618/soci-master-af9a83b1cf7c69a17bf7ed9f1c24942b5f6e0618/soc_ic/zedboard_master.xdc:125]
Resolution: If [get_<value>] was used to populate the object, check to make sure this command returns at least one valid object.
WARNING: [Vivado 12-584] No ports matched 'JD2_N'. [C:/Users/cao2/Desktop/soci-master-af9a83b1cf7c69a17bf7ed9f1c24942b5f6e0618/soci-master-af9a83b1cf7c69a17bf7ed9f1c24942b5f6e0618/soc_ic/zedboard_master.xdc:126]
CRITICAL WARNING: [Common 17-55] 'set_property' expects at least one object. [C:/Users/cao2/Desktop/soci-master-af9a83b1cf7c69a17bf7ed9f1c24942b5f6e0618/soci-master-af9a83b1cf7c69a17bf7ed9f1c24942b5f6e0618/soc_ic/zedboard_master.xdc:126]
Resolution: If [get_<value>] was used to populate the object, check to make sure this command returns at least one valid object.
WARNING: [Vivado 12-584] No ports matched 'JD2_P'. [C:/Users/cao2/Desktop/soci-master-af9a83b1cf7c69a17bf7ed9f1c24942b5f6e0618/soci-master-af9a83b1cf7c69a17bf7ed9f1c24942b5f6e0618/soc_ic/zedboard_master.xdc:127]
CRITICAL WARNING: [Common 17-55] 'set_property' expects at least one object. [C:/Users/cao2/Desktop/soci-master-af9a83b1cf7c69a17bf7ed9f1c24942b5f6e0618/soci-master-af9a83b1cf7c69a17bf7ed9f1c24942b5f6e0618/soc_ic/zedboard_master.xdc:127]
Resolution: If [get_<value>] was used to populate the object, check to make sure this command returns at least one valid object.
WARNING: [Vivado 12-584] No ports matched 'JD3_N'. [C:/Users/cao2/Desktop/soci-master-af9a83b1cf7c69a17bf7ed9f1c24942b5f6e0618/soci-master-af9a83b1cf7c69a17bf7ed9f1c24942b5f6e0618/soc_ic/zedboard_master.xdc:128]
CRITICAL WARNING: [Common 17-55] 'set_property' expects at least one object. [C:/Users/cao2/Desktop/soci-master-af9a83b1cf7c69a17bf7ed9f1c24942b5f6e0618/soci-master-af9a83b1cf7c69a17bf7ed9f1c24942b5f6e0618/soc_ic/zedboard_master.xdc:128]
Resolution: If [get_<value>] was used to populate the object, check to make sure this command returns at least one valid object.
WARNING: [Vivado 12-584] No ports matched 'JD3_P'. [C:/Users/cao2/Desktop/soci-master-af9a83b1cf7c69a17bf7ed9f1c24942b5f6e0618/soci-master-af9a83b1cf7c69a17bf7ed9f1c24942b5f6e0618/soc_ic/zedboard_master.xdc:129]
CRITICAL WARNING: [Common 17-55] 'set_property' expects at least one object. [C:/Users/cao2/Desktop/soci-master-af9a83b1cf7c69a17bf7ed9f1c24942b5f6e0618/soci-master-af9a83b1cf7c69a17bf7ed9f1c24942b5f6e0618/soc_ic/zedboard_master.xdc:129]
Resolution: If [get_<value>] was used to populate the object, check to make sure this command returns at least one valid object.
WARNING: [Vivado 12-584] No ports matched 'JD4_N'. [C:/Users/cao2/Desktop/soci-master-af9a83b1cf7c69a17bf7ed9f1c24942b5f6e0618/soci-master-af9a83b1cf7c69a17bf7ed9f1c24942b5f6e0618/soc_ic/zedboard_master.xdc:130]
CRITICAL WARNING: [Common 17-55] 'set_property' expects at least one object. [C:/Users/cao2/Desktop/soci-master-af9a83b1cf7c69a17bf7ed9f1c24942b5f6e0618/soci-master-af9a83b1cf7c69a17bf7ed9f1c24942b5f6e0618/soc_ic/zedboard_master.xdc:130]
Resolution: If [get_<value>] was used to populate the object, check to make sure this command returns at least one valid object.
WARNING: [Vivado 12-584] No ports matched 'JD4_P'. [C:/Users/cao2/Desktop/soci-master-af9a83b1cf7c69a17bf7ed9f1c24942b5f6e0618/soci-master-af9a83b1cf7c69a17bf7ed9f1c24942b5f6e0618/soc_ic/zedboard_master.xdc:131]
CRITICAL WARNING: [Common 17-55] 'set_property' expects at least one object. [C:/Users/cao2/Desktop/soci-master-af9a83b1cf7c69a17bf7ed9f1c24942b5f6e0618/soci-master-af9a83b1cf7c69a17bf7ed9f1c24942b5f6e0618/soc_ic/zedboard_master.xdc:131]
Resolution: If [get_<value>] was used to populate the object, check to make sure this command returns at least one valid object.
WARNING: [Vivado 12-584] No ports matched 'OLED_DC'. [C:/Users/cao2/Desktop/soci-master-af9a83b1cf7c69a17bf7ed9f1c24942b5f6e0618/soci-master-af9a83b1cf7c69a17bf7ed9f1c24942b5f6e0618/soc_ic/zedboard_master.xdc:136]
CRITICAL WARNING: [Common 17-55] 'set_property' expects at least one object. [C:/Users/cao2/Desktop/soci-master-af9a83b1cf7c69a17bf7ed9f1c24942b5f6e0618/soci-master-af9a83b1cf7c69a17bf7ed9f1c24942b5f6e0618/soc_ic/zedboard_master.xdc:136]
Resolution: If [get_<value>] was used to populate the object, check to make sure this command returns at least one valid object.
WARNING: [Vivado 12-584] No ports matched 'OLED_RES'. [C:/Users/cao2/Desktop/soci-master-af9a83b1cf7c69a17bf7ed9f1c24942b5f6e0618/soci-master-af9a83b1cf7c69a17bf7ed9f1c24942b5f6e0618/soc_ic/zedboard_master.xdc:137]
CRITICAL WARNING: [Common 17-55] 'set_property' expects at least one object. [C:/Users/cao2/Desktop/soci-master-af9a83b1cf7c69a17bf7ed9f1c24942b5f6e0618/soci-master-af9a83b1cf7c69a17bf7ed9f1c24942b5f6e0618/soc_ic/zedboard_master.xdc:137]
Resolution: If [get_<value>] was used to populate the object, check to make sure this command returns at least one valid object.
WARNING: [Vivado 12-584] No ports matched 'OLED_SCLK'. [C:/Users/cao2/Desktop/soci-master-af9a83b1cf7c69a17bf7ed9f1c24942b5f6e0618/soci-master-af9a83b1cf7c69a17bf7ed9f1c24942b5f6e0618/soc_ic/zedboard_master.xdc:138]
CRITICAL WARNING: [Common 17-55] 'set_property' expects at least one object. [C:/Users/cao2/Desktop/soci-master-af9a83b1cf7c69a17bf7ed9f1c24942b5f6e0618/soci-master-af9a83b1cf7c69a17bf7ed9f1c24942b5f6e0618/soc_ic/zedboard_master.xdc:138]
Resolution: If [get_<value>] was used to populate the object, check to make sure this command returns at least one valid object.
WARNING: [Vivado 12-584] No ports matched 'OLED_SDIN'. [C:/Users/cao2/Desktop/soci-master-af9a83b1cf7c69a17bf7ed9f1c24942b5f6e0618/soci-master-af9a83b1cf7c69a17bf7ed9f1c24942b5f6e0618/soc_ic/zedboard_master.xdc:139]
CRITICAL WARNING: [Common 17-55] 'set_property' expects at least one object. [C:/Users/cao2/Desktop/soci-master-af9a83b1cf7c69a17bf7ed9f1c24942b5f6e0618/soci-master-af9a83b1cf7c69a17bf7ed9f1c24942b5f6e0618/soc_ic/zedboard_master.xdc:139]
Resolution: If [get_<value>] was used to populate the object, check to make sure this command returns at least one valid object.
WARNING: [Vivado 12-584] No ports matched 'OLED_VBAT'. [C:/Users/cao2/Desktop/soci-master-af9a83b1cf7c69a17bf7ed9f1c24942b5f6e0618/soci-master-af9a83b1cf7c69a17bf7ed9f1c24942b5f6e0618/soc_ic/zedboard_master.xdc:140]
CRITICAL WARNING: [Common 17-55] 'set_property' expects at least one object. [C:/Users/cao2/Desktop/soci-master-af9a83b1cf7c69a17bf7ed9f1c24942b5f6e0618/soci-master-af9a83b1cf7c69a17bf7ed9f1c24942b5f6e0618/soc_ic/zedboard_master.xdc:140]
Resolution: If [get_<value>] was used to populate the object, check to make sure this command returns at least one valid object.
WARNING: [Vivado 12-584] No ports matched 'OLED_VDD'. [C:/Users/cao2/Desktop/soci-master-af9a83b1cf7c69a17bf7ed9f1c24942b5f6e0618/soci-master-af9a83b1cf7c69a17bf7ed9f1c24942b5f6e0618/soc_ic/zedboard_master.xdc:141]
CRITICAL WARNING: [Common 17-55] 'set_property' expects at least one object. [C:/Users/cao2/Desktop/soci-master-af9a83b1cf7c69a17bf7ed9f1c24942b5f6e0618/soci-master-af9a83b1cf7c69a17bf7ed9f1c24942b5f6e0618/soc_ic/zedboard_master.xdc:141]
Resolution: If [get_<value>] was used to populate the object, check to make sure this command returns at least one valid object.
WARNING: [Vivado 12-584] No ports matched 'HD_CLK'. [C:/Users/cao2/Desktop/soci-master-af9a83b1cf7c69a17bf7ed9f1c24942b5f6e0618/soci-master-af9a83b1cf7c69a17bf7ed9f1c24942b5f6e0618/soc_ic/zedboard_master.xdc:146]
CRITICAL WARNING: [Common 17-55] 'set_property' expects at least one object. [C:/Users/cao2/Desktop/soci-master-af9a83b1cf7c69a17bf7ed9f1c24942b5f6e0618/soci-master-af9a83b1cf7c69a17bf7ed9f1c24942b5f6e0618/soc_ic/zedboard_master.xdc:146]
Resolution: If [get_<value>] was used to populate the object, check to make sure this command returns at least one valid object.
WARNING: [Vivado 12-584] No ports matched 'HD_D0'. [C:/Users/cao2/Desktop/soci-master-af9a83b1cf7c69a17bf7ed9f1c24942b5f6e0618/soci-master-af9a83b1cf7c69a17bf7ed9f1c24942b5f6e0618/soc_ic/zedboard_master.xdc:147]
CRITICAL WARNING: [Common 17-55] 'set_property' expects at least one object. [C:/Users/cao2/Desktop/soci-master-af9a83b1cf7c69a17bf7ed9f1c24942b5f6e0618/soci-master-af9a83b1cf7c69a17bf7ed9f1c24942b5f6e0618/soc_ic/zedboard_master.xdc:147]
Resolution: If [get_<value>] was used to populate the object, check to make sure this command returns at least one valid object.
WARNING: [Vivado 12-584] No ports matched 'HD_D1'. [C:/Users/cao2/Desktop/soci-master-af9a83b1cf7c69a17bf7ed9f1c24942b5f6e0618/soci-master-af9a83b1cf7c69a17bf7ed9f1c24942b5f6e0618/soc_ic/zedboard_master.xdc:148]
CRITICAL WARNING: [Common 17-55] 'set_property' expects at least one object. [C:/Users/cao2/Desktop/soci-master-af9a83b1cf7c69a17bf7ed9f1c24942b5f6e0618/soci-master-af9a83b1cf7c69a17bf7ed9f1c24942b5f6e0618/soc_ic/zedboard_master.xdc:148]
Resolution: If [get_<value>] was used to populate the object, check to make sure this command returns at least one valid object.
WARNING: [Vivado 12-584] No ports matched 'HD_D10'. [C:/Users/cao2/Desktop/soci-master-af9a83b1cf7c69a17bf7ed9f1c24942b5f6e0618/soci-master-af9a83b1cf7c69a17bf7ed9f1c24942b5f6e0618/soc_ic/zedboard_master.xdc:149]
CRITICAL WARNING: [Common 17-55] 'set_property' expects at least one object. [C:/Users/cao2/Desktop/soci-master-af9a83b1cf7c69a17bf7ed9f1c24942b5f6e0618/soci-master-af9a83b1cf7c69a17bf7ed9f1c24942b5f6e0618/soc_ic/zedboard_master.xdc:149]
Resolution: If [get_<value>] was used to populate the object, check to make sure this command returns at least one valid object.
WARNING: [Vivado 12-584] No ports matched 'HD_D11'. [C:/Users/cao2/Desktop/soci-master-af9a83b1cf7c69a17bf7ed9f1c24942b5f6e0618/soci-master-af9a83b1cf7c69a17bf7ed9f1c24942b5f6e0618/soc_ic/zedboard_master.xdc:150]
CRITICAL WARNING: [Common 17-55] 'set_property' expects at least one object. [C:/Users/cao2/Desktop/soci-master-af9a83b1cf7c69a17bf7ed9f1c24942b5f6e0618/soci-master-af9a83b1cf7c69a17bf7ed9f1c24942b5f6e0618/soc_ic/zedboard_master.xdc:150]
Resolution: If [get_<value>] was used to populate the object, check to make sure this command returns at least one valid object.
WARNING: [Vivado 12-584] No ports matched 'HD_D12'. [C:/Users/cao2/Desktop/soci-master-af9a83b1cf7c69a17bf7ed9f1c24942b5f6e0618/soci-master-af9a83b1cf7c69a17bf7ed9f1c24942b5f6e0618/soc_ic/zedboard_master.xdc:151]
CRITICAL WARNING: [Common 17-55] 'set_property' expects at least one object. [C:/Users/cao2/Desktop/soci-master-af9a83b1cf7c69a17bf7ed9f1c24942b5f6e0618/soci-master-af9a83b1cf7c69a17bf7ed9f1c24942b5f6e0618/soc_ic/zedboard_master.xdc:151]
Resolution: If [get_<value>] was used to populate the object, check to make sure this command returns at least one valid object.
WARNING: [Vivado 12-584] No ports matched 'HD_D13'. [C:/Users/cao2/Desktop/soci-master-af9a83b1cf7c69a17bf7ed9f1c24942b5f6e0618/soci-master-af9a83b1cf7c69a17bf7ed9f1c24942b5f6e0618/soc_ic/zedboard_master.xdc:152]
CRITICAL WARNING: [Common 17-55] 'set_property' expects at least one object. [C:/Users/cao2/Desktop/soci-master-af9a83b1cf7c69a17bf7ed9f1c24942b5f6e0618/soci-master-af9a83b1cf7c69a17bf7ed9f1c24942b5f6e0618/soc_ic/zedboard_master.xdc:152]
Resolution: If [get_<value>] was used to populate the object, check to make sure this command returns at least one valid object.
WARNING: [Vivado 12-584] No ports matched 'HD_D14'. [C:/Users/cao2/Desktop/soci-master-af9a83b1cf7c69a17bf7ed9f1c24942b5f6e0618/soci-master-af9a83b1cf7c69a17bf7ed9f1c24942b5f6e0618/soc_ic/zedboard_master.xdc:153]
CRITICAL WARNING: [Common 17-55] 'set_property' expects at least one object. [C:/Users/cao2/Desktop/soci-master-af9a83b1cf7c69a17bf7ed9f1c24942b5f6e0618/soci-master-af9a83b1cf7c69a17bf7ed9f1c24942b5f6e0618/soc_ic/zedboard_master.xdc:153]
Resolution: If [get_<value>] was used to populate the object, check to make sure this command returns at least one valid object.
WARNING: [Vivado 12-584] No ports matched 'HS_D15'. [C:/Users/cao2/Desktop/soci-master-af9a83b1cf7c69a17bf7ed9f1c24942b5f6e0618/soci-master-af9a83b1cf7c69a17bf7ed9f1c24942b5f6e0618/soc_ic/zedboard_master.xdc:154]
CRITICAL WARNING: [Common 17-55] 'set_property' expects at least one object. [C:/Users/cao2/Desktop/soci-master-af9a83b1cf7c69a17bf7ed9f1c24942b5f6e0618/soci-master-af9a83b1cf7c69a17bf7ed9f1c24942b5f6e0618/soc_ic/zedboard_master.xdc:154]
Resolution: If [get_<value>] was used to populate the object, check to make sure this command returns at least one valid object.
WARNING: [Vivado 12-584] No ports matched 'HD_D2'. [C:/Users/cao2/Desktop/soci-master-af9a83b1cf7c69a17bf7ed9f1c24942b5f6e0618/soci-master-af9a83b1cf7c69a17bf7ed9f1c24942b5f6e0618/soc_ic/zedboard_master.xdc:155]
CRITICAL WARNING: [Common 17-55] 'set_property' expects at least one object. [C:/Users/cao2/Desktop/soci-master-af9a83b1cf7c69a17bf7ed9f1c24942b5f6e0618/soci-master-af9a83b1cf7c69a17bf7ed9f1c24942b5f6e0618/soc_ic/zedboard_master.xdc:155]
Resolution: If [get_<value>] was used to populate the object, check to make sure this command returns at least one valid object.
WARNING: [Vivado 12-584] No ports matched 'HD_D3'. [C:/Users/cao2/Desktop/soci-master-af9a83b1cf7c69a17bf7ed9f1c24942b5f6e0618/soci-master-af9a83b1cf7c69a17bf7ed9f1c24942b5f6e0618/soc_ic/zedboard_master.xdc:156]
CRITICAL WARNING: [Common 17-55] 'set_property' expects at least one object. [C:/Users/cao2/Desktop/soci-master-af9a83b1cf7c69a17bf7ed9f1c24942b5f6e0618/soci-master-af9a83b1cf7c69a17bf7ed9f1c24942b5f6e0618/soc_ic/zedboard_master.xdc:156]
Resolution: If [get_<value>] was used to populate the object, check to make sure this command returns at least one valid object.
WARNING: [Vivado 12-584] No ports matched 'HD_D4'. [C:/Users/cao2/Desktop/soci-master-af9a83b1cf7c69a17bf7ed9f1c24942b5f6e0618/soci-master-af9a83b1cf7c69a17bf7ed9f1c24942b5f6e0618/soc_ic/zedboard_master.xdc:157]
CRITICAL WARNING: [Common 17-55] 'set_property' expects at least one object. [C:/Users/cao2/Desktop/soci-master-af9a83b1cf7c69a17bf7ed9f1c24942b5f6e0618/soci-master-af9a83b1cf7c69a17bf7ed9f1c24942b5f6e0618/soc_ic/zedboard_master.xdc:157]
Resolution: If [get_<value>] was used to populate the object, check to make sure this command returns at least one valid object.
WARNING: [Vivado 12-584] No ports matched 'HD_D5'. [C:/Users/cao2/Desktop/soci-master-af9a83b1cf7c69a17bf7ed9f1c24942b5f6e0618/soci-master-af9a83b1cf7c69a17bf7ed9f1c24942b5f6e0618/soc_ic/zedboard_master.xdc:158]
CRITICAL WARNING: [Common 17-55] 'set_property' expects at least one object. [C:/Users/cao2/Desktop/soci-master-af9a83b1cf7c69a17bf7ed9f1c24942b5f6e0618/soci-master-af9a83b1cf7c69a17bf7ed9f1c24942b5f6e0618/soc_ic/zedboard_master.xdc:158]
Resolution: If [get_<value>] was used to populate the object, check to make sure this command returns at least one valid object.
WARNING: [Vivado 12-584] No ports matched 'HD_D6'. [C:/Users/cao2/Desktop/soci-master-af9a83b1cf7c69a17bf7ed9f1c24942b5f6e0618/soci-master-af9a83b1cf7c69a17bf7ed9f1c24942b5f6e0618/soc_ic/zedboard_master.xdc:159]
CRITICAL WARNING: [Common 17-55] 'set_property' expects at least one object. [C:/Users/cao2/Desktop/soci-master-af9a83b1cf7c69a17bf7ed9f1c24942b5f6e0618/soci-master-af9a83b1cf7c69a17bf7ed9f1c24942b5f6e0618/soc_ic/zedboard_master.xdc:159]
Resolution: If [get_<value>] was used to populate the object, check to make sure this command returns at least one valid object.
WARNING: [Vivado 12-584] No ports matched 'HD_D7'. [C:/Users/cao2/Desktop/soci-master-af9a83b1cf7c69a17bf7ed9f1c24942b5f6e0618/soci-master-af9a83b1cf7c69a17bf7ed9f1c24942b5f6e0618/soc_ic/zedboard_master.xdc:160]
CRITICAL WARNING: [Common 17-55] 'set_property' expects at least one object. [C:/Users/cao2/Desktop/soci-master-af9a83b1cf7c69a17bf7ed9f1c24942b5f6e0618/soci-master-af9a83b1cf7c69a17bf7ed9f1c24942b5f6e0618/soc_ic/zedboard_master.xdc:160]
Resolution: If [get_<value>] was used to populate the object, check to make sure this command returns at least one valid object.
WARNING: [Vivado 12-584] No ports matched 'HD_D8'. [C:/Users/cao2/Desktop/soci-master-af9a83b1cf7c69a17bf7ed9f1c24942b5f6e0618/soci-master-af9a83b1cf7c69a17bf7ed9f1c24942b5f6e0618/soc_ic/zedboard_master.xdc:161]
CRITICAL WARNING: [Common 17-55] 'set_property' expects at least one object. [C:/Users/cao2/Desktop/soci-master-af9a83b1cf7c69a17bf7ed9f1c24942b5f6e0618/soci-master-af9a83b1cf7c69a17bf7ed9f1c24942b5f6e0618/soc_ic/zedboard_master.xdc:161]
Resolution: If [get_<value>] was used to populate the object, check to make sure this command returns at least one valid object.
WARNING: [Vivado 12-584] No ports matched 'HD_D9'. [C:/Users/cao2/Desktop/soci-master-af9a83b1cf7c69a17bf7ed9f1c24942b5f6e0618/soci-master-af9a83b1cf7c69a17bf7ed9f1c24942b5f6e0618/soc_ic/zedboard_master.xdc:162]
CRITICAL WARNING: [Common 17-55] 'set_property' expects at least one object. [C:/Users/cao2/Desktop/soci-master-af9a83b1cf7c69a17bf7ed9f1c24942b5f6e0618/soci-master-af9a83b1cf7c69a17bf7ed9f1c24942b5f6e0618/soc_ic/zedboard_master.xdc:162]
Resolution: If [get_<value>] was used to populate the object, check to make sure this command returns at least one valid object.
WARNING: [Vivado 12-584] No ports matched 'HD_DE'. [C:/Users/cao2/Desktop/soci-master-af9a83b1cf7c69a17bf7ed9f1c24942b5f6e0618/soci-master-af9a83b1cf7c69a17bf7ed9f1c24942b5f6e0618/soc_ic/zedboard_master.xdc:163]
CRITICAL WARNING: [Common 17-55] 'set_property' expects at least one object. [C:/Users/cao2/Desktop/soci-master-af9a83b1cf7c69a17bf7ed9f1c24942b5f6e0618/soci-master-af9a83b1cf7c69a17bf7ed9f1c24942b5f6e0618/soc_ic/zedboard_master.xdc:163]
Resolution: If [get_<value>] was used to populate the object, check to make sure this command returns at least one valid object.
WARNING: [Vivado 12-584] No ports matched 'HD_HSYNC'. [C:/Users/cao2/Desktop/soci-master-af9a83b1cf7c69a17bf7ed9f1c24942b5f6e0618/soci-master-af9a83b1cf7c69a17bf7ed9f1c24942b5f6e0618/soc_ic/zedboard_master.xdc:164]
CRITICAL WARNING: [Common 17-55] 'set_property' expects at least one object. [C:/Users/cao2/Desktop/soci-master-af9a83b1cf7c69a17bf7ed9f1c24942b5f6e0618/soci-master-af9a83b1cf7c69a17bf7ed9f1c24942b5f6e0618/soc_ic/zedboard_master.xdc:164]
Resolution: If [get_<value>] was used to populate the object, check to make sure this command returns at least one valid object.
WARNING: [Vivado 12-584] No ports matched 'HD_INT'. [C:/Users/cao2/Desktop/soci-master-af9a83b1cf7c69a17bf7ed9f1c24942b5f6e0618/soci-master-af9a83b1cf7c69a17bf7ed9f1c24942b5f6e0618/soc_ic/zedboard_master.xdc:165]
CRITICAL WARNING: [Common 17-55] 'set_property' expects at least one object. [C:/Users/cao2/Desktop/soci-master-af9a83b1cf7c69a17bf7ed9f1c24942b5f6e0618/soci-master-af9a83b1cf7c69a17bf7ed9f1c24942b5f6e0618/soc_ic/zedboard_master.xdc:165]
Resolution: If [get_<value>] was used to populate the object, check to make sure this command returns at least one valid object.
WARNING: [Vivado 12-584] No ports matched 'HD_SCL'. [C:/Users/cao2/Desktop/soci-master-af9a83b1cf7c69a17bf7ed9f1c24942b5f6e0618/soci-master-af9a83b1cf7c69a17bf7ed9f1c24942b5f6e0618/soc_ic/zedboard_master.xdc:166]
CRITICAL WARNING: [Common 17-55] 'set_property' expects at least one object. [C:/Users/cao2/Desktop/soci-master-af9a83b1cf7c69a17bf7ed9f1c24942b5f6e0618/soci-master-af9a83b1cf7c69a17bf7ed9f1c24942b5f6e0618/soc_ic/zedboard_master.xdc:166]
Resolution: If [get_<value>] was used to populate the object, check to make sure this command returns at least one valid object.
WARNING: [Vivado 12-584] No ports matched 'HD_SDA'. [C:/Users/cao2/Desktop/soci-master-af9a83b1cf7c69a17bf7ed9f1c24942b5f6e0618/soci-master-af9a83b1cf7c69a17bf7ed9f1c24942b5f6e0618/soc_ic/zedboard_master.xdc:167]
CRITICAL WARNING: [Common 17-55] 'set_property' expects at least one object. [C:/Users/cao2/Desktop/soci-master-af9a83b1cf7c69a17bf7ed9f1c24942b5f6e0618/soci-master-af9a83b1cf7c69a17bf7ed9f1c24942b5f6e0618/soc_ic/zedboard_master.xdc:167]
Resolution: If [get_<value>] was used to populate the object, check to make sure this command returns at least one valid object.
WARNING: [Vivado 12-584] No ports matched 'HD_SPDIF'. [C:/Users/cao2/Desktop/soci-master-af9a83b1cf7c69a17bf7ed9f1c24942b5f6e0618/soci-master-af9a83b1cf7c69a17bf7ed9f1c24942b5f6e0618/soc_ic/zedboard_master.xdc:168]
CRITICAL WARNING: [Common 17-55] 'set_property' expects at least one object. [C:/Users/cao2/Desktop/soci-master-af9a83b1cf7c69a17bf7ed9f1c24942b5f6e0618/soci-master-af9a83b1cf7c69a17bf7ed9f1c24942b5f6e0618/soc_ic/zedboard_master.xdc:168]
Resolution: If [get_<value>] was used to populate the object, check to make sure this command returns at least one valid object.
WARNING: [Vivado 12-584] No ports matched 'HD_SPDIFO'. [C:/Users/cao2/Desktop/soci-master-af9a83b1cf7c69a17bf7ed9f1c24942b5f6e0618/soci-master-af9a83b1cf7c69a17bf7ed9f1c24942b5f6e0618/soc_ic/zedboard_master.xdc:169]
CRITICAL WARNING: [Common 17-55] 'set_property' expects at least one object. [C:/Users/cao2/Desktop/soci-master-af9a83b1cf7c69a17bf7ed9f1c24942b5f6e0618/soci-master-af9a83b1cf7c69a17bf7ed9f1c24942b5f6e0618/soc_ic/zedboard_master.xdc:169]
Resolution: If [get_<value>] was used to populate the object, check to make sure this command returns at least one valid object.
WARNING: [Vivado 12-584] No ports matched 'HD_VSYNC'. [C:/Users/cao2/Desktop/soci-master-af9a83b1cf7c69a17bf7ed9f1c24942b5f6e0618/soci-master-af9a83b1cf7c69a17bf7ed9f1c24942b5f6e0618/soc_ic/zedboard_master.xdc:170]
CRITICAL WARNING: [Common 17-55] 'set_property' expects at least one object. [C:/Users/cao2/Desktop/soci-master-af9a83b1cf7c69a17bf7ed9f1c24942b5f6e0618/soci-master-af9a83b1cf7c69a17bf7ed9f1c24942b5f6e0618/soc_ic/zedboard_master.xdc:170]
Resolution: If [get_<value>] was used to populate the object, check to make sure this command returns at least one valid object.
WARNING: [Vivado 12-584] No ports matched 'LD0'. [C:/Users/cao2/Desktop/soci-master-af9a83b1cf7c69a17bf7ed9f1c24942b5f6e0618/soci-master-af9a83b1cf7c69a17bf7ed9f1c24942b5f6e0618/soc_ic/zedboard_master.xdc:175]
CRITICAL WARNING: [Common 17-55] 'set_property' expects at least one object. [C:/Users/cao2/Desktop/soci-master-af9a83b1cf7c69a17bf7ed9f1c24942b5f6e0618/soci-master-af9a83b1cf7c69a17bf7ed9f1c24942b5f6e0618/soc_ic/zedboard_master.xdc:175]
Resolution: If [get_<value>] was used to populate the object, check to make sure this command returns at least one valid object.
WARNING: [Vivado 12-584] No ports matched 'LD1'. [C:/Users/cao2/Desktop/soci-master-af9a83b1cf7c69a17bf7ed9f1c24942b5f6e0618/soci-master-af9a83b1cf7c69a17bf7ed9f1c24942b5f6e0618/soc_ic/zedboard_master.xdc:176]
CRITICAL WARNING: [Common 17-55] 'set_property' expects at least one object. [C:/Users/cao2/Desktop/soci-master-af9a83b1cf7c69a17bf7ed9f1c24942b5f6e0618/soci-master-af9a83b1cf7c69a17bf7ed9f1c24942b5f6e0618/soc_ic/zedboard_master.xdc:176]
Resolution: If [get_<value>] was used to populate the object, check to make sure this command returns at least one valid object.
WARNING: [Vivado 12-584] No ports matched 'LD2'. [C:/Users/cao2/Desktop/soci-master-af9a83b1cf7c69a17bf7ed9f1c24942b5f6e0618/soci-master-af9a83b1cf7c69a17bf7ed9f1c24942b5f6e0618/soc_ic/zedboard_master.xdc:177]
CRITICAL WARNING: [Common 17-55] 'set_property' expects at least one object. [C:/Users/cao2/Desktop/soci-master-af9a83b1cf7c69a17bf7ed9f1c24942b5f6e0618/soci-master-af9a83b1cf7c69a17bf7ed9f1c24942b5f6e0618/soc_ic/zedboard_master.xdc:177]
Resolution: If [get_<value>] was used to populate the object, check to make sure this command returns at least one valid object.
WARNING: [Vivado 12-584] No ports matched 'LD3'. [C:/Users/cao2/Desktop/soci-master-af9a83b1cf7c69a17bf7ed9f1c24942b5f6e0618/soci-master-af9a83b1cf7c69a17bf7ed9f1c24942b5f6e0618/soc_ic/zedboard_master.xdc:178]
CRITICAL WARNING: [Common 17-55] 'set_property' expects at least one object. [C:/Users/cao2/Desktop/soci-master-af9a83b1cf7c69a17bf7ed9f1c24942b5f6e0618/soci-master-af9a83b1cf7c69a17bf7ed9f1c24942b5f6e0618/soc_ic/zedboard_master.xdc:178]
Resolution: If [get_<value>] was used to populate the object, check to make sure this command returns at least one valid object.
WARNING: [Vivado 12-584] No ports matched 'LD4'. [C:/Users/cao2/Desktop/soci-master-af9a83b1cf7c69a17bf7ed9f1c24942b5f6e0618/soci-master-af9a83b1cf7c69a17bf7ed9f1c24942b5f6e0618/soc_ic/zedboard_master.xdc:179]
CRITICAL WARNING: [Common 17-55] 'set_property' expects at least one object. [C:/Users/cao2/Desktop/soci-master-af9a83b1cf7c69a17bf7ed9f1c24942b5f6e0618/soci-master-af9a83b1cf7c69a17bf7ed9f1c24942b5f6e0618/soc_ic/zedboard_master.xdc:179]
Resolution: If [get_<value>] was used to populate the object, check to make sure this command returns at least one valid object.
WARNING: [Vivado 12-584] No ports matched 'LD5'. [C:/Users/cao2/Desktop/soci-master-af9a83b1cf7c69a17bf7ed9f1c24942b5f6e0618/soci-master-af9a83b1cf7c69a17bf7ed9f1c24942b5f6e0618/soc_ic/zedboard_master.xdc:180]
CRITICAL WARNING: [Common 17-55] 'set_property' expects at least one object. [C:/Users/cao2/Desktop/soci-master-af9a83b1cf7c69a17bf7ed9f1c24942b5f6e0618/soci-master-af9a83b1cf7c69a17bf7ed9f1c24942b5f6e0618/soc_ic/zedboard_master.xdc:180]
Resolution: If [get_<value>] was used to populate the object, check to make sure this command returns at least one valid object.
WARNING: [Vivado 12-584] No ports matched 'LD6'. [C:/Users/cao2/Desktop/soci-master-af9a83b1cf7c69a17bf7ed9f1c24942b5f6e0618/soci-master-af9a83b1cf7c69a17bf7ed9f1c24942b5f6e0618/soc_ic/zedboard_master.xdc:181]
CRITICAL WARNING: [Common 17-55] 'set_property' expects at least one object. [C:/Users/cao2/Desktop/soci-master-af9a83b1cf7c69a17bf7ed9f1c24942b5f6e0618/soci-master-af9a83b1cf7c69a17bf7ed9f1c24942b5f6e0618/soc_ic/zedboard_master.xdc:181]
Resolution: If [get_<value>] was used to populate the object, check to make sure this command returns at least one valid object.
WARNING: [Vivado 12-584] No ports matched 'LD7'. [C:/Users/cao2/Desktop/soci-master-af9a83b1cf7c69a17bf7ed9f1c24942b5f6e0618/soci-master-af9a83b1cf7c69a17bf7ed9f1c24942b5f6e0618/soc_ic/zedboard_master.xdc:182]
CRITICAL WARNING: [Common 17-55] 'set_property' expects at least one object. [C:/Users/cao2/Desktop/soci-master-af9a83b1cf7c69a17bf7ed9f1c24942b5f6e0618/soci-master-af9a83b1cf7c69a17bf7ed9f1c24942b5f6e0618/soc_ic/zedboard_master.xdc:182]
Resolution: If [get_<value>] was used to populate the object, check to make sure this command returns at least one valid object.
WARNING: [Vivado 12-584] No ports matched 'VGA_B1'. [C:/Users/cao2/Desktop/soci-master-af9a83b1cf7c69a17bf7ed9f1c24942b5f6e0618/soci-master-af9a83b1cf7c69a17bf7ed9f1c24942b5f6e0618/soc_ic/zedboard_master.xdc:187]
CRITICAL WARNING: [Common 17-55] 'set_property' expects at least one object. [C:/Users/cao2/Desktop/soci-master-af9a83b1cf7c69a17bf7ed9f1c24942b5f6e0618/soci-master-af9a83b1cf7c69a17bf7ed9f1c24942b5f6e0618/soc_ic/zedboard_master.xdc:187]
Resolution: If [get_<value>] was used to populate the object, check to make sure this command returns at least one valid object.
WARNING: [Vivado 12-584] No ports matched 'VGA_B2'. [C:/Users/cao2/Desktop/soci-master-af9a83b1cf7c69a17bf7ed9f1c24942b5f6e0618/soci-master-af9a83b1cf7c69a17bf7ed9f1c24942b5f6e0618/soc_ic/zedboard_master.xdc:188]
CRITICAL WARNING: [Common 17-55] 'set_property' expects at least one object. [C:/Users/cao2/Desktop/soci-master-af9a83b1cf7c69a17bf7ed9f1c24942b5f6e0618/soci-master-af9a83b1cf7c69a17bf7ed9f1c24942b5f6e0618/soc_ic/zedboard_master.xdc:188]
Resolution: If [get_<value>] was used to populate the object, check to make sure this command returns at least one valid object.
WARNING: [Vivado 12-584] No ports matched 'VGA_B3'. [C:/Users/cao2/Desktop/soci-master-af9a83b1cf7c69a17bf7ed9f1c24942b5f6e0618/soci-master-af9a83b1cf7c69a17bf7ed9f1c24942b5f6e0618/soc_ic/zedboard_master.xdc:189]
CRITICAL WARNING: [Common 17-55] 'set_property' expects at least one object. [C:/Users/cao2/Desktop/soci-master-af9a83b1cf7c69a17bf7ed9f1c24942b5f6e0618/soci-master-af9a83b1cf7c69a17bf7ed9f1c24942b5f6e0618/soc_ic/zedboard_master.xdc:189]
Resolution: If [get_<value>] was used to populate the object, check to make sure this command returns at least one valid object.
WARNING: [Vivado 12-584] No ports matched 'VGA_B4'. [C:/Users/cao2/Desktop/soci-master-af9a83b1cf7c69a17bf7ed9f1c24942b5f6e0618/soci-master-af9a83b1cf7c69a17bf7ed9f1c24942b5f6e0618/soc_ic/zedboard_master.xdc:190]
CRITICAL WARNING: [Common 17-55] 'set_property' expects at least one object. [C:/Users/cao2/Desktop/soci-master-af9a83b1cf7c69a17bf7ed9f1c24942b5f6e0618/soci-master-af9a83b1cf7c69a17bf7ed9f1c24942b5f6e0618/soc_ic/zedboard_master.xdc:190]
Resolution: If [get_<value>] was used to populate the object, check to make sure this command returns at least one valid object.
WARNING: [Vivado 12-584] No ports matched 'VGA_G1'. [C:/Users/cao2/Desktop/soci-master-af9a83b1cf7c69a17bf7ed9f1c24942b5f6e0618/soci-master-af9a83b1cf7c69a17bf7ed9f1c24942b5f6e0618/soc_ic/zedboard_master.xdc:191]
CRITICAL WARNING: [Common 17-55] 'set_property' expects at least one object. [C:/Users/cao2/Desktop/soci-master-af9a83b1cf7c69a17bf7ed9f1c24942b5f6e0618/soci-master-af9a83b1cf7c69a17bf7ed9f1c24942b5f6e0618/soc_ic/zedboard_master.xdc:191]
Resolution: If [get_<value>] was used to populate the object, check to make sure this command returns at least one valid object.
WARNING: [Vivado 12-584] No ports matched 'VGA_G2'. [C:/Users/cao2/Desktop/soci-master-af9a83b1cf7c69a17bf7ed9f1c24942b5f6e0618/soci-master-af9a83b1cf7c69a17bf7ed9f1c24942b5f6e0618/soc_ic/zedboard_master.xdc:192]
CRITICAL WARNING: [Common 17-55] 'set_property' expects at least one object. [C:/Users/cao2/Desktop/soci-master-af9a83b1cf7c69a17bf7ed9f1c24942b5f6e0618/soci-master-af9a83b1cf7c69a17bf7ed9f1c24942b5f6e0618/soc_ic/zedboard_master.xdc:192]
Resolution: If [get_<value>] was used to populate the object, check to make sure this command returns at least one valid object.
WARNING: [Vivado 12-584] No ports matched 'VGA_G3'. [C:/Users/cao2/Desktop/soci-master-af9a83b1cf7c69a17bf7ed9f1c24942b5f6e0618/soci-master-af9a83b1cf7c69a17bf7ed9f1c24942b5f6e0618/soc_ic/zedboard_master.xdc:193]
CRITICAL WARNING: [Common 17-55] 'set_property' expects at least one object. [C:/Users/cao2/Desktop/soci-master-af9a83b1cf7c69a17bf7ed9f1c24942b5f6e0618/soci-master-af9a83b1cf7c69a17bf7ed9f1c24942b5f6e0618/soc_ic/zedboard_master.xdc:193]
Resolution: If [get_<value>] was used to populate the object, check to make sure this command returns at least one valid object.
WARNING: [Vivado 12-584] No ports matched 'VGA_G4'. [C:/Users/cao2/Desktop/soci-master-af9a83b1cf7c69a17bf7ed9f1c24942b5f6e0618/soci-master-af9a83b1cf7c69a17bf7ed9f1c24942b5f6e0618/soc_ic/zedboard_master.xdc:194]
CRITICAL WARNING: [Common 17-55] 'set_property' expects at least one object. [C:/Users/cao2/Desktop/soci-master-af9a83b1cf7c69a17bf7ed9f1c24942b5f6e0618/soci-master-af9a83b1cf7c69a17bf7ed9f1c24942b5f6e0618/soc_ic/zedboard_master.xdc:194]
Resolution: If [get_<value>] was used to populate the object, check to make sure this command returns at least one valid object.
WARNING: [Vivado 12-584] No ports matched 'VGA_HS'. [C:/Users/cao2/Desktop/soci-master-af9a83b1cf7c69a17bf7ed9f1c24942b5f6e0618/soci-master-af9a83b1cf7c69a17bf7ed9f1c24942b5f6e0618/soc_ic/zedboard_master.xdc:195]
CRITICAL WARNING: [Common 17-55] 'set_property' expects at least one object. [C:/Users/cao2/Desktop/soci-master-af9a83b1cf7c69a17bf7ed9f1c24942b5f6e0618/soci-master-af9a83b1cf7c69a17bf7ed9f1c24942b5f6e0618/soc_ic/zedboard_master.xdc:195]
Resolution: If [get_<value>] was used to populate the object, check to make sure this command returns at least one valid object.
WARNING: [Vivado 12-584] No ports matched 'VGA_R1'. [C:/Users/cao2/Desktop/soci-master-af9a83b1cf7c69a17bf7ed9f1c24942b5f6e0618/soci-master-af9a83b1cf7c69a17bf7ed9f1c24942b5f6e0618/soc_ic/zedboard_master.xdc:196]
CRITICAL WARNING: [Common 17-55] 'set_property' expects at least one object. [C:/Users/cao2/Desktop/soci-master-af9a83b1cf7c69a17bf7ed9f1c24942b5f6e0618/soci-master-af9a83b1cf7c69a17bf7ed9f1c24942b5f6e0618/soc_ic/zedboard_master.xdc:196]
Resolution: If [get_<value>] was used to populate the object, check to make sure this command returns at least one valid object.
WARNING: [Vivado 12-584] No ports matched 'VGA_R2'. [C:/Users/cao2/Desktop/soci-master-af9a83b1cf7c69a17bf7ed9f1c24942b5f6e0618/soci-master-af9a83b1cf7c69a17bf7ed9f1c24942b5f6e0618/soc_ic/zedboard_master.xdc:197]
CRITICAL WARNING: [Common 17-55] 'set_property' expects at least one object. [C:/Users/cao2/Desktop/soci-master-af9a83b1cf7c69a17bf7ed9f1c24942b5f6e0618/soci-master-af9a83b1cf7c69a17bf7ed9f1c24942b5f6e0618/soc_ic/zedboard_master.xdc:197]
Resolution: If [get_<value>] was used to populate the object, check to make sure this command returns at least one valid object.
WARNING: [Vivado 12-584] No ports matched 'VGA_R3'. [C:/Users/cao2/Desktop/soci-master-af9a83b1cf7c69a17bf7ed9f1c24942b5f6e0618/soci-master-af9a83b1cf7c69a17bf7ed9f1c24942b5f6e0618/soc_ic/zedboard_master.xdc:198]
CRITICAL WARNING: [Common 17-55] 'set_property' expects at least one object. [C:/Users/cao2/Desktop/soci-master-af9a83b1cf7c69a17bf7ed9f1c24942b5f6e0618/soci-master-af9a83b1cf7c69a17bf7ed9f1c24942b5f6e0618/soc_ic/zedboard_master.xdc:198]
Resolution: If [get_<value>] was used to populate the object, check to make sure this command returns at least one valid object.
WARNING: [Vivado 12-584] No ports matched 'VGA_R4'. [C:/Users/cao2/Desktop/soci-master-af9a83b1cf7c69a17bf7ed9f1c24942b5f6e0618/soci-master-af9a83b1cf7c69a17bf7ed9f1c24942b5f6e0618/soc_ic/zedboard_master.xdc:199]
CRITICAL WARNING: [Common 17-55] 'set_property' expects at least one object. [C:/Users/cao2/Desktop/soci-master-af9a83b1cf7c69a17bf7ed9f1c24942b5f6e0618/soci-master-af9a83b1cf7c69a17bf7ed9f1c24942b5f6e0618/soc_ic/zedboard_master.xdc:199]
Resolution: If [get_<value>] was used to populate the object, check to make sure this command returns at least one valid object.
WARNING: [Vivado 12-584] No ports matched 'VGA_VS'. [C:/Users/cao2/Desktop/soci-master-af9a83b1cf7c69a17bf7ed9f1c24942b5f6e0618/soci-master-af9a83b1cf7c69a17bf7ed9f1c24942b5f6e0618/soc_ic/zedboard_master.xdc:200]
CRITICAL WARNING: [Common 17-55] 'set_property' expects at least one object. [C:/Users/cao2/Desktop/soci-master-af9a83b1cf7c69a17bf7ed9f1c24942b5f6e0618/soci-master-af9a83b1cf7c69a17bf7ed9f1c24942b5f6e0618/soc_ic/zedboard_master.xdc:200]
Resolution: If [get_<value>] was used to populate the object, check to make sure this command returns at least one valid object.
WARNING: [Vivado 12-584] No ports matched 'BTNC'. [C:/Users/cao2/Desktop/soci-master-af9a83b1cf7c69a17bf7ed9f1c24942b5f6e0618/soci-master-af9a83b1cf7c69a17bf7ed9f1c24942b5f6e0618/soc_ic/zedboard_master.xdc:205]
CRITICAL WARNING: [Common 17-55] 'set_property' expects at least one object. [C:/Users/cao2/Desktop/soci-master-af9a83b1cf7c69a17bf7ed9f1c24942b5f6e0618/soci-master-af9a83b1cf7c69a17bf7ed9f1c24942b5f6e0618/soc_ic/zedboard_master.xdc:205]
Resolution: If [get_<value>] was used to populate the object, check to make sure this command returns at least one valid object.
WARNING: [Vivado 12-584] No ports matched 'BTND'. [C:/Users/cao2/Desktop/soci-master-af9a83b1cf7c69a17bf7ed9f1c24942b5f6e0618/soci-master-af9a83b1cf7c69a17bf7ed9f1c24942b5f6e0618/soc_ic/zedboard_master.xdc:206]
CRITICAL WARNING: [Common 17-55] 'set_property' expects at least one object. [C:/Users/cao2/Desktop/soci-master-af9a83b1cf7c69a17bf7ed9f1c24942b5f6e0618/soci-master-af9a83b1cf7c69a17bf7ed9f1c24942b5f6e0618/soc_ic/zedboard_master.xdc:206]
Resolution: If [get_<value>] was used to populate the object, check to make sure this command returns at least one valid object.
WARNING: [Vivado 12-584] No ports matched 'BTNL'. [C:/Users/cao2/Desktop/soci-master-af9a83b1cf7c69a17bf7ed9f1c24942b5f6e0618/soci-master-af9a83b1cf7c69a17bf7ed9f1c24942b5f6e0618/soc_ic/zedboard_master.xdc:207]
CRITICAL WARNING: [Common 17-55] 'set_property' expects at least one object. [C:/Users/cao2/Desktop/soci-master-af9a83b1cf7c69a17bf7ed9f1c24942b5f6e0618/soci-master-af9a83b1cf7c69a17bf7ed9f1c24942b5f6e0618/soc_ic/zedboard_master.xdc:207]
Resolution: If [get_<value>] was used to populate the object, check to make sure this command returns at least one valid object.
WARNING: [Vivado 12-584] No ports matched 'BTNR'. [C:/Users/cao2/Desktop/soci-master-af9a83b1cf7c69a17bf7ed9f1c24942b5f6e0618/soci-master-af9a83b1cf7c69a17bf7ed9f1c24942b5f6e0618/soc_ic/zedboard_master.xdc:208]
CRITICAL WARNING: [Common 17-55] 'set_property' expects at least one object. [C:/Users/cao2/Desktop/soci-master-af9a83b1cf7c69a17bf7ed9f1c24942b5f6e0618/soci-master-af9a83b1cf7c69a17bf7ed9f1c24942b5f6e0618/soc_ic/zedboard_master.xdc:208]
Resolution: If [get_<value>] was used to populate the object, check to make sure this command returns at least one valid object.
WARNING: [Vivado 12-584] No ports matched 'BTNU'. [C:/Users/cao2/Desktop/soci-master-af9a83b1cf7c69a17bf7ed9f1c24942b5f6e0618/soci-master-af9a83b1cf7c69a17bf7ed9f1c24942b5f6e0618/soc_ic/zedboard_master.xdc:209]
INFO: [Common 17-14] Message 'Vivado 12-584' appears 100 times and further instances of the messages will be disabled. Use the Tcl command set_msg_config to change the current settings. [C:/Users/cao2/Desktop/soci-master-af9a83b1cf7c69a17bf7ed9f1c24942b5f6e0618/soci-master-af9a83b1cf7c69a17bf7ed9f1c24942b5f6e0618/soc_ic/zedboard_master.xdc:209]
CRITICAL WARNING: [Common 17-55] 'set_property' expects at least one object. [C:/Users/cao2/Desktop/soci-master-af9a83b1cf7c69a17bf7ed9f1c24942b5f6e0618/soci-master-af9a83b1cf7c69a17bf7ed9f1c24942b5f6e0618/soc_ic/zedboard_master.xdc:209]
Resolution: If [get_<value>] was used to populate the object, check to make sure this command returns at least one valid object.
INFO: [Common 17-14] Message 'Common 17-55' appears 100 times and further instances of the messages will be disabled. Use the Tcl command set_msg_config to change the current settings. [C:/Users/cao2/Desktop/soci-master-af9a83b1cf7c69a17bf7ed9f1c24942b5f6e0618/soci-master-af9a83b1cf7c69a17bf7ed9f1c24942b5f6e0618/soc_ic/zedboard_master.xdc:209]
Finished Parsing XDC File [C:/Users/cao2/Desktop/soci-master-af9a83b1cf7c69a17bf7ed9f1c24942b5f6e0618/soci-master-af9a83b1cf7c69a17bf7ed9f1c24942b5f6e0618/soc_ic/zedboard_master.xdc]
INFO: [Opt 31-138] Pushed 0 inverter(s) to 0 load pin(s).
INFO: [Project 1-111] Unisim Transformation Summary:
No Unisim elements were transformed.

open_run: Time (s): cpu = 00:02:30 ; elapsed = 00:02:10 . Memory (MB): peak = 2944.234 ; gain = 2018.375
create_run synth_2 -flow {Vivado Synthesis 2017} -strategy {Vivado Synthesis Defaults}
Run is defaulting to srcset: sources_1
Run is defaulting to constrset: constrs_1
Run is defaulting to part: xc7z020clg484-1
current_run [get_runs synth_2]
set_property part xc7a35tcpg236-1 [current_project]
INFO: [Project 1-154] The current project board 'em.avnet.com:zed:part0:1.3' is reset to empty (None). Use 'Project Settings' part selector (GUI) or issue set_property Tcl Command to set the board again.
close_design
close_design: Time (s): cpu = 00:00:19 ; elapsed = 00:00:17 . Memory (MB): peak = 3256.926 ; gain = 0.000
update_files -from_files C:/Users/cao2/Desktop/soci-master-af9a83b1cf7c69a17bf7ed9f1c24942b5f6e0618/soci-master-af9a83b1cf7c69a17bf7ed9f1c24942b5f6e0618/soc_ic/Basys3_Master.xdc -to_files C:/Users/cao2/Desktop/soci-master-af9a83b1cf7c69a17bf7ed9f1c24942b5f6e0618/soci-master-af9a83b1cf7c69a17bf7ed9f1c24942b5f6e0618/soc_ic/zedboard_master.xdc -filesets [get_filesets *]
INFO: [filemgmt 20-762] Replacing file 'C:/Users/cao2/Desktop/soci-master-af9a83b1cf7c69a17bf7ed9f1c24942b5f6e0618/soci-master-af9a83b1cf7c69a17bf7ed9f1c24942b5f6e0618/soc_ic/zedboard_master.xdc' with file 'C:/Users/cao2/Desktop/soci-master-af9a83b1cf7c69a17bf7ed9f1c24942b5f6e0618/soci-master-af9a83b1cf7c69a17bf7ed9f1c24942b5f6e0618/soc_ic/Basys3_Master.xdc'.
remove_files  C:/Users/cao2/Desktop/oven/soc/arbiter2.vhd
launch_runs synth_2 -jobs 4
[Sun Jul 16 17:34:20 2017] Launched synth_2...
Run output will be captured here: C:/Users/cao2/Desktop/soci-master-af9a83b1cf7c69a17bf7ed9f1c24942b5f6e0618/soci-master-af9a83b1cf7c69a17bf7ed9f1c24942b5f6e0618/soc_ic/soc_ic.runs/synth_2/runme.log
reset_run synth_2
exit
INFO: [Common 17-206] Exiting Vivado at Sun Jul 16 17:48:14 2017...
