#-----------------------------------------------------------
# Vivado v2017.2 (64-bit)
# SW Build 1909853 on Thu Jun 15 18:39:09 MDT 2017
# IP Build 1909766 on Thu Jun 15 19:58:00 MDT 2017
# Start of session at: Sun Jul 16 17:48:18 2017
# Process ID: 6996
# Current directory: C:/Users/cao2/Desktop/soci-master-af9a83b1cf7c69a17bf7ed9f1c24942b5f6e0618/soci-master-af9a83b1cf7c69a17bf7ed9f1c24942b5f6e0618/soc_ic
# Command line: vivado.exe -gui_launcher_event rodinguilauncherevent6084 C:\Users\cao2\Desktop\soci-master-af9a83b1cf7c69a17bf7ed9f1c24942b5f6e0618\soci-master-af9a83b1cf7c69a17bf7ed9f1c24942b5f6e0618\soc_ic\soc_ic.xpr
# Log file: C:/Users/cao2/Desktop/soci-master-af9a83b1cf7c69a17bf7ed9f1c24942b5f6e0618/soci-master-af9a83b1cf7c69a17bf7ed9f1c24942b5f6e0618/soc_ic/vivado.log
# Journal file: C:/Users/cao2/Desktop/soci-master-af9a83b1cf7c69a17bf7ed9f1c24942b5f6e0618/soci-master-af9a83b1cf7c69a17bf7ed9f1c24942b5f6e0618/soc_ic\vivado.jou
#-----------------------------------------------------------
start_gui
open_project C:/Users/cao2/Desktop/soci-master-af9a83b1cf7c69a17bf7ed9f1c24942b5f6e0618/soci-master-af9a83b1cf7c69a17bf7ed9f1c24942b5f6e0618/soc_ic/soc_ic.xpr
INFO: [ProjectBase 1-489] The host OS only allows 260 characters in a normal path. The project is stored in a path with more than 80 characters. If you experience issues with IP, Block Designs, or files not being found, please consider moving the project to a location with a shorter path. Alternately consider using the OS subst command to map part of the path to a drive letter.
Current project path is 'C:/Users/cao2/Desktop/soci-master-af9a83b1cf7c69a17bf7ed9f1c24942b5f6e0618/soci-master-af9a83b1cf7c69a17bf7ed9f1c24942b5f6e0618/soc_ic'
Scanning sources...
Finished scanning sources
WARNING: [filemgmt 56-3] IPUserFilesDir: Could not find the directory 'C:/Users/cao2/Desktop/soci-master-af9a83b1cf7c69a17bf7ed9f1c24942b5f6e0618/soci-master-af9a83b1cf7c69a17bf7ed9f1c24942b5f6e0618/soc_ic/soc_ic.ip_user_files'.
INFO: [IP_Flow 19-234] Refreshing IP repositories
INFO: [IP_Flow 19-1704] No user IP repositories specified
INFO: [IP_Flow 19-2313] Loaded Vivado IP repository 'C:/Xilinx/Vivado/2017.2/data/ip'.
update_compile_order -fileset sources_1
launch_runs synth_2
[Sun Jul 16 17:48:46 2017] Launched synth_2...
Run output will be captured here: C:/Users/cao2/Desktop/soci-master-af9a83b1cf7c69a17bf7ed9f1c24942b5f6e0618/soci-master-af9a83b1cf7c69a17bf7ed9f1c24942b5f6e0618/soc_ic/soc_ic.runs/synth_2/runme.log
reset_run synth_2
set_param wynth.elaboration.rodinMoreOptions "rt::set_parameter maxRomAddrWidth 32"
ERROR: [Common 17-153] Param 'wynth.elaboration.rodinMoreOptions' does not exist
set_param synth.elaboration.rodinMoreOptions "rt::set_parameter maxRomAddrWidth 32"
rt::set_parameter maxRomAddrWidth 32
launch_runs synth_2
[Sun Jul 16 18:01:29 2017] Launched synth_2...
Run output will be captured here: C:/Users/cao2/Desktop/soci-master-af9a83b1cf7c69a17bf7ed9f1c24942b5f6e0618/soci-master-af9a83b1cf7c69a17bf7ed9f1c24942b5f6e0618/soc_ic/soc_ic.runs/synth_2/runme.log
add_files -norecurse {C:/Users/cao2/Desktop/2017paper/cache.vhd C:/Users/cao2/Desktop/2017paper/proc.vhd C:/Users/cao2/Desktop/2017paper/cpu.vhd}
update_compile_order -fileset sources_1
add_files -norecurse C:/Users/cao2/Desktop/soci-master-af9a83b1cf7c69a17bf7ed9f1c24942b5f6e0618/soci-master-af9a83b1cf7c69a17bf7ed9f1c24942b5f6e0618/soc_rnd/soc_rnd.srcs/sources_1/imports/soc/rndgen.vhd
update_compile_order -fileset sources_1
add_files -norecurse C:/Users/cao2/Desktop/2017paper/arbiter2.vhd
update_compile_order -fileset sources_1
add_files -norecurse C:/Users/cao2/Desktop/2017paper/arbiter2.vhd
WARNING: [filemgmt 56-12] File 'C:/Users/cao2/Desktop/2017paper/arbiter2.vhd' cannot be added to the project because it already exists in the project, skipping this file
add_files -norecurse C:/Users/cao2/Desktop/2017paper/arbiter2.vhd
WARNING: [filemgmt 56-12] File 'C:/Users/cao2/Desktop/2017paper/arbiter2.vhd' cannot be added to the project because it already exists in the project, skipping this file
add_files -norecurse C:/Users/cao2/Desktop/2017paper/cpu_test.vhd
update_compile_order -fileset sources_1
reset_run synth_2
WARNING: [Vivado 12-1017] Problems encountered:
1. Failed to delete one or more files in run directory C:/Users/cao2/Desktop/soci-master-af9a83b1cf7c69a17bf7ed9f1c24942b5f6e0618/soci-master-af9a83b1cf7c69a17bf7ed9f1c24942b5f6e0618/soc_ic/soc_ic.runs/synth_2

remove_files  C:/Users/cao2/Desktop/2017paper/proc.vhd
remove_files  {C:/Users/cao2/Desktop/2017paper/cache.vhd C:/Users/cao2/Desktop/2017paper/cpu.vhd C:/Users/cao2/Desktop/2017paper/cpu_test.vhd C:/Users/cao2/Desktop/soci-master-af9a83b1cf7c69a17bf7ed9f1c24942b5f6e0618/soci-master-af9a83b1cf7c69a17bf7ed9f1c24942b5f6e0618/soc_rnd/soc_rnd.srcs/sources_1/imports/soc/rndgen.vhd}
update_compile_order -fileset sources_1
remove_files  C:/Users/cao2/Desktop/2017paper/arbiter2.vhd
launch_runs synth_2
[Sun Jul 16 19:00:01 2017] Launched synth_2...
Run output will be captured here: C:/Users/cao2/Desktop/soci-master-af9a83b1cf7c69a17bf7ed9f1c24942b5f6e0618/soci-master-af9a83b1cf7c69a17bf7ed9f1c24942b5f6e0618/soc_ic/soc_ic.runs/synth_2/runme.log
open_run synth_2 -name synth_2
Design is defaulting to impl run constrset: constrs_1
Design is defaulting to synth run part: xc7a35tcpg236-1
INFO: [Netlist 29-17] Analyzing 2055 Unisim elements for replacement
INFO: [Netlist 29-28] Unisim Transformation completed in 0 CPU seconds
INFO: [Project 1-479] Netlist was created with Vivado 2017.2
INFO: [Device 21-403] Loading part xc7a35tcpg236-1
INFO: [Project 1-570] Preparing netlist for logic optimization
Parsing XDC File [C:/Users/cao2/Desktop/soci-master-af9a83b1cf7c69a17bf7ed9f1c24942b5f6e0618/soci-master-af9a83b1cf7c69a17bf7ed9f1c24942b5f6e0618/soc_ic/Basys3_Master.xdc]
Finished Parsing XDC File [C:/Users/cao2/Desktop/soci-master-af9a83b1cf7c69a17bf7ed9f1c24942b5f6e0618/soci-master-af9a83b1cf7c69a17bf7ed9f1c24942b5f6e0618/soc_ic/Basys3_Master.xdc]
INFO: [Opt 31-138] Pushed 0 inverter(s) to 0 load pin(s).
INFO: [Project 1-111] Unisim Transformation Summary:
No Unisim elements were transformed.

open_run: Time (s): cpu = 00:02:30 ; elapsed = 00:02:13 . Memory (MB): peak = 3009.344 ; gain = 1986.957
