#-----------------------------------------------------------
# Vivado v2017.2 (64-bit)
# SW Build 1909853 on Thu Jun 15 18:39:09 MDT 2017
# IP Build 1909766 on Thu Jun 15 19:58:00 MDT 2017
# Start of session at: Fri Jul 28 09:58:02 2017
# Process ID: 8780
# Current directory: C:/Users/cao2/Desktop/soci/soci/soc_ic
# Command line: vivado.exe -gui_launcher_event rodinguilauncherevent7160 C:\Users\cao2\Desktop\soci\soci\soc_ic\soc_ic.xpr
# Log file: C:/Users/cao2/Desktop/soci/soci/soc_ic/vivado.log
# Journal file: C:/Users/cao2/Desktop/soci/soci/soc_ic\vivado.jou
#-----------------------------------------------------------
start_gui
open_project C:/Users/cao2/Desktop/soci/soci/soc_ic/soc_ic.xpr
INFO: [Project 1-313] Project file moved from 'C:/Users/cao2/Desktop/soci-master-af9a83b1cf7c69a17bf7ed9f1c24942b5f6e0618/soci-master-af9a83b1cf7c69a17bf7ed9f1c24942b5f6e0618/soc_ic' since last save.
Scanning sources...
Finished scanning sources
INFO: [IP_Flow 19-234] Refreshing IP repositories
INFO: [IP_Flow 19-1704] No user IP repositories specified
INFO: [IP_Flow 19-2313] Loaded Vivado IP repository 'C:/Xilinx/Vivado/2017.2/data/ip'.
update_compile_order -fileset sources_1
import_files
INFO: [filemgmt 20-334] All file(s) are already imported in fileset: 'constrs_1'
INFO: [filemgmt 20-348] Importing the appropriate files for fileset: 'constrs_1'
INFO: [filemgmt 20-348] Importing the appropriate files for fileset: 'sources_1'
WARNING: [filemgmt 20-354] The following file(s) were not imported. Local copy of file(s) already exists:
C:/Users/cao2/Desktop/oven/soc/defs.vhd
C:/Users/cao2/Desktop/2017paper/arbiter2.vhd
Hint: use the '-force' option to overwrite the local copies.
