Unable to capture context for thread 7160 in process 7536, can not generate back trace
Exception at PC 0x000007FEAF93BB93
Printing stacktrace...

[0]  [0x000007FEAF93BB93]
[1]  [0x000007FEAF93BB93]
[2]  [0x000007FEAF93B4A1]
[3]  [0x000007FEAF93B3EF]
[4]  [0x000007FEAF9219FE]
[5]  [0x000007FEAF920ED1]
[6]  [0x000007FEAF920D76]
[7]  [0x000007FEAF8C79F6]
[8]  [0x000007FEAF8B7AFB]
[9]  [0x000007FEAF9DE90A]
[10]  [0x000007FEAF9F9F87]
[11]  [0x000007FEAF9FA05F]
[12] (BaseThreadInitThunk+0xd) [0x00000000775259CD]
[13] (RtlUserThreadStart+0x21) [0x000000007765A561]
Done
Exception at PC 0x000007FEAF641A52
Attemped to write at address 0x000007FEF0C2ABA4
Printing stacktrace...

[0]  [0x000007FEAF641A52]
[1]  [0x000007FEAF641A52]
[2]  [0x000007FEAF641AD4]
[3]  [0x000007FEAF783FF7]
[4]  [0x000007FEAF669128]
[5]  [0x000007FEAF91DFB9]
[6]  [0x000007FEAFAEEF23]
[7]  [0x000007FEAF9FB06B]
[8]  [0x000007FEAF9F08AF]
[9]  [0x000007FEAF9F0A32]
[10] (LdrShutdownProcess+0x1d1) [0x0000000077652AC1]
[11] (RtlExitUserProcess+0x90) [0x00000000776528D0]
[12] (wcstoui64+0x2fa) [0x000007FEFF5E99E2]
[13]  [0x00000000004014CD]
[14]  [0x000000000040151B]
[15] (BaseThreadInitThunk+0xd) [0x00000000775259CD]
[16] (RtlUserThreadStart+0x21) [0x000000007765A561]
Done
