
*** Running vivado
    with args -log top.vdi -applog -m64 -product Vivado -messageDb vivado.pb -mode batch -source top.tcl -notrace


****** Vivado v2017.2 (64-bit)
  **** SW Build 1909853 on Thu Jun 15 18:39:09 MDT 2017
  **** IP Build 1909766 on Thu Jun 15 19:58:00 MDT 2017
    ** Copyright 1986-2017 Xilinx, Inc. All Rights Reserved.

source top.tcl -notrace
Design is defaulting to srcset: sources_1
Design is defaulting to constrset: constrs_1
INFO: [Netlist 29-17] Analyzing 68 Unisim elements for replacement
INFO: [Netlist 29-28] Unisim Transformation completed in 0 CPU seconds
INFO: [Project 1-479] Netlist was created with Vivado 2017.2
INFO: [Device 21-403] Loading part xc7a35tcpg236-1
INFO: [Project 1-570] Preparing netlist for logic optimization
Parsing XDC File [C:/Users/cao2/Desktop/soci/soci/soc_ic/soc_ic.srcs/constrs_1/imports/soc_ic/Basys3_Master.xdc]
Finished Parsing XDC File [C:/Users/cao2/Desktop/soci/soci/soc_ic/soc_ic.srcs/constrs_1/imports/soc_ic/Basys3_Master.xdc]
INFO: [Opt 31-138] Pushed 0 inverter(s) to 0 load pin(s).
INFO: [Project 1-111] Unisim Transformation Summary:
No Unisim elements were transformed.

link_design: Time (s): cpu = 00:00:06 ; elapsed = 00:00:07 . Memory (MB): peak = 547.988 ; gain = 264.789
Command: opt_design
Attempting to get a license for feature 'Implementation' and/or device 'xc7a35t-cpg236'
INFO: [Common 17-349] Got license for feature 'Implementation' and/or device 'xc7a35t-cpg236'
Running DRC as a precondition to command opt_design

Starting DRC Task
Command: report_drc (run_mandatory_drcs) for: opt_checks
INFO: [DRC 23-27] Running DRC with 2 threads
report_drc (run_mandatory_drcs) completed successfully
INFO: [Project 1-461] DRC finished with 0 Errors
INFO: [Project 1-462] Please refer to the DRC report (report_drc) for more information.

Time (s): cpu = 00:00:01 ; elapsed = 00:00:00.547 . Memory (MB): peak = 555.871 ; gain = 7.883
INFO: [Timing 38-35] Done setting XDC timing constraints.

Starting Logic Optimization Task

Phase 1 Retarget
INFO: [Opt 31-138] Pushed 0 inverter(s) to 0 load pin(s).
INFO: [Opt 31-49] Retargeted 0 cell(s).
Phase 1 Retarget | Checksum: 2842b85a9

Time (s): cpu = 00:00:00 ; elapsed = 00:00:00.141 . Memory (MB): peak = 1058.660 ; gain = 0.000
INFO: [Opt 31-389] Phase Retarget created 0 cells and removed 123 cells

Phase 2 Constant propagation
INFO: [Opt 31-138] Pushed 0 inverter(s) to 0 load pin(s).
Phase 2 Constant propagation | Checksum: 2a52ed994

Time (s): cpu = 00:00:00 ; elapsed = 00:00:00.191 . Memory (MB): peak = 1058.660 ; gain = 0.000
INFO: [Opt 31-389] Phase Constant propagation created 22 cells and removed 24 cells

Phase 3 Sweep
Phase 3 Sweep | Checksum: 2691449d3

Time (s): cpu = 00:00:01 ; elapsed = 00:00:00.616 . Memory (MB): peak = 1058.660 ; gain = 0.000
INFO: [Opt 31-389] Phase Sweep created 0 cells and removed 2382 cells

Phase 4 BUFG optimization
Phase 4 BUFG optimization | Checksum: 2691449d3

Time (s): cpu = 00:00:01 ; elapsed = 00:00:00.618 . Memory (MB): peak = 1058.660 ; gain = 0.000
INFO: [Opt 31-389] Phase BUFG optimization created 0 cells and removed 0 cells

Phase 5 Shift Register Optimization
Phase 5 Shift Register Optimization | Checksum: 2691449d3

Time (s): cpu = 00:00:01 ; elapsed = 00:00:00.618 . Memory (MB): peak = 1058.660 ; gain = 0.000
INFO: [Opt 31-389] Phase Shift Register Optimization created 0 cells and removed 0 cells

Starting Connectivity Check Task

Time (s): cpu = 00:00:00 ; elapsed = 00:00:00 . Memory (MB): peak = 1058.660 ; gain = 0.000
Ending Logic Optimization Task | Checksum: 2691449d3

Time (s): cpu = 00:00:01 ; elapsed = 00:00:00.620 . Memory (MB): peak = 1058.660 ; gain = 0.000

Starting Power Optimization Task
INFO: [Pwropt 34-132] Skipping clock gating for clocks with a period < 2.00 ns.
Ending Power Optimization Task | Checksum: 221fb1380

Time (s): cpu = 00:00:00 ; elapsed = 00:00:00.007 . Memory (MB): peak = 1058.660 ; gain = 0.000
21 Infos, 0 Warnings, 0 Critical Warnings and 0 Errors encountered.
opt_design completed successfully
opt_design: Time (s): cpu = 00:00:14 ; elapsed = 00:00:13 . Memory (MB): peak = 1058.660 ; gain = 510.672
Writing placer database...
Writing XDEF routing.
Writing XDEF routing logical nets.
Writing XDEF routing special nets.
Write XDEF Complete: Time (s): cpu = 00:00:00 ; elapsed = 00:00:00.037 . Memory (MB): peak = 1058.660 ; gain = 0.000
INFO: [Common 17-1381] The checkpoint 'C:/Users/cao2/Desktop/soci/soci/soc_ic/soc_ic.runs/impl_2/top_opt.dcp' has been generated.
Command: report_drc -file top_drc_opted.rpt
INFO: [DRC 23-27] Running DRC with 2 threads
INFO: [Coretcl 2-168] The results of DRC are in file C:/Users/cao2/Desktop/soci/soci/soc_ic/soc_ic.runs/impl_2/top_drc_opted.rpt.
report_drc completed successfully
INFO: [Chipscope 16-241] No debug cores found in the current design.
Before running the implement_debug_core command, either use the Set Up Debug wizard (GUI mode)
or use the create_debug_core and connect_debug_core Tcl commands to insert debug cores into the design.
Command: place_design
Attempting to get a license for feature 'Implementation' and/or device 'xc7a35t-cpg236'
INFO: [Common 17-349] Got license for feature 'Implementation' and/or device 'xc7a35t-cpg236'
Command: report_drc (run_mandatory_drcs) for: incr_eco_checks
INFO: [DRC 23-27] Running DRC with 2 threads
report_drc (run_mandatory_drcs) completed successfully
INFO: [Vivado_Tcl 4-198] DRC finished with 0 Errors
INFO: [Vivado_Tcl 4-199] Please refer to the DRC report (report_drc) for more information.
Running DRC as a precondition to command place_design
Command: report_drc (run_mandatory_drcs) for: placer_checks
INFO: [DRC 23-27] Running DRC with 2 threads
report_drc (run_mandatory_drcs) completed successfully
INFO: [Vivado_Tcl 4-198] DRC finished with 0 Errors
INFO: [Vivado_Tcl 4-199] Please refer to the DRC report (report_drc) for more information.

Starting Placer Task
INFO: [Place 30-611] Multithreading enabled for place_design using a maximum of 2 CPUs

Phase 1 Placer Initialization

Phase 1.1 Placer Initialization Netlist Sorting
Netlist sorting complete. Time (s): cpu = 00:00:00 ; elapsed = 00:00:00 . Memory (MB): peak = 1058.660 ; gain = 0.000
Phase 1.1 Placer Initialization Netlist Sorting | Checksum: 1d6998dee

Time (s): cpu = 00:00:00 ; elapsed = 00:00:00.003 . Memory (MB): peak = 1058.660 ; gain = 0.000
INFO: [Timing 38-35] Done setting XDC timing constraints.
INFO: [Opt 31-138] Pushed 0 inverter(s) to 0 load pin(s).
Netlist sorting complete. Time (s): cpu = 00:00:00 ; elapsed = 00:00:00 . Memory (MB): peak = 1058.660 ; gain = 0.000

Phase 1.2 IO Placement/ Clock Placement/ Build Placer Device
INFO: [Timing 38-35] Done setting XDC timing constraints.
Phase 1.2 IO Placement/ Clock Placement/ Build Placer Device | Checksum: d6fa611a

Time (s): cpu = 00:00:00 ; elapsed = 00:00:00.460 . Memory (MB): peak = 1058.660 ; gain = 0.000

Phase 1.3 Build Placer Netlist Model
Phase 1.3 Build Placer Netlist Model | Checksum: 1612cdf7b

Time (s): cpu = 00:00:01 ; elapsed = 00:00:00.497 . Memory (MB): peak = 1058.660 ; gain = 0.000

Phase 1.4 Constrain Clocks/Macros
Phase 1.4 Constrain Clocks/Macros | Checksum: 1612cdf7b

Time (s): cpu = 00:00:01 ; elapsed = 00:00:00.499 . Memory (MB): peak = 1058.660 ; gain = 0.000
Phase 1 Placer Initialization | Checksum: 1612cdf7b

Time (s): cpu = 00:00:01 ; elapsed = 00:00:00.499 . Memory (MB): peak = 1058.660 ; gain = 0.000

Phase 2 Global Placement
Phase 2 Global Placement | Checksum: 1a934a8b7

Time (s): cpu = 00:00:01 ; elapsed = 00:00:00.652 . Memory (MB): peak = 1058.660 ; gain = 0.000

Phase 3 Detail Placement

Phase 3.1 Commit Multi Column Macros
Phase 3.1 Commit Multi Column Macros | Checksum: 1a934a8b7

Time (s): cpu = 00:00:01 ; elapsed = 00:00:00.654 . Memory (MB): peak = 1058.660 ; gain = 0.000

Phase 3.2 Commit Most Macros & LUTRAMs
Phase 3.2 Commit Most Macros & LUTRAMs | Checksum: 13831b49c

Time (s): cpu = 00:00:01 ; elapsed = 00:00:00.679 . Memory (MB): peak = 1058.660 ; gain = 0.000

Phase 3.3 Area Swap Optimization
Phase 3.3 Area Swap Optimization | Checksum: f3a07def

Time (s): cpu = 00:00:01 ; elapsed = 00:00:00.686 . Memory (MB): peak = 1058.660 ; gain = 0.000

Phase 3.4 Pipeline Register Optimization
Phase 3.4 Pipeline Register Optimization | Checksum: f3a07def

Time (s): cpu = 00:00:01 ; elapsed = 00:00:00.687 . Memory (MB): peak = 1058.660 ; gain = 0.000

Phase 3.5 Timing Path Optimizer
Phase 3.5 Timing Path Optimizer | Checksum: 1b17b8e70

Time (s): cpu = 00:00:01 ; elapsed = 00:00:00.695 . Memory (MB): peak = 1058.660 ; gain = 0.000

Phase 3.6 Small Shape Detail Placement
Phase 3.6 Small Shape Detail Placement | Checksum: f9f98a8f

Time (s): cpu = 00:00:01 ; elapsed = 00:00:00.769 . Memory (MB): peak = 1058.660 ; gain = 0.000

Phase 3.7 Re-assign LUT pins
Phase 3.7 Re-assign LUT pins | Checksum: f8397c41

Time (s): cpu = 00:00:01 ; elapsed = 00:00:00.772 . Memory (MB): peak = 1058.660 ; gain = 0.000

Phase 3.8 Pipeline Register Optimization
Phase 3.8 Pipeline Register Optimization | Checksum: f8397c41

Time (s): cpu = 00:00:01 ; elapsed = 00:00:00.773 . Memory (MB): peak = 1058.660 ; gain = 0.000
Phase 3 Detail Placement | Checksum: f8397c41

Time (s): cpu = 00:00:01 ; elapsed = 00:00:00.773 . Memory (MB): peak = 1058.660 ; gain = 0.000

Phase 4 Post Placement Optimization and Clean-Up

Phase 4.1 Post Commit Optimization
INFO: [Timing 38-35] Done setting XDC timing constraints.

Phase 4.1.1 Post Placement Optimization
Post Placement Optimization Initialization | Checksum: 1eaba219e

Phase 4.1.1.1 BUFG Insertion
INFO: [Physopt 32-721] Multithreading enabled for phys_opt_design using a maximum of 2 CPUs
INFO: [Place 46-41] BUFG insertion identified 0 candidate nets, 0 success, 0 skipped for placement/routing, 0 skipped for timing, 0 skipped for netlist change reason.
Phase 4.1.1.1 BUFG Insertion | Checksum: 1eaba219e

Time (s): cpu = 00:00:01 ; elapsed = 00:00:00.828 . Memory (MB): peak = 1058.660 ; gain = 0.000
INFO: [Place 30-746] Post Placement Timing Summary WNS=6.531. For the most accurate timing information please run report_timing.
Phase 4.1.1 Post Placement Optimization | Checksum: 1f8bbc503

Time (s): cpu = 00:00:01 ; elapsed = 00:00:00.829 . Memory (MB): peak = 1058.660 ; gain = 0.000
Phase 4.1 Post Commit Optimization | Checksum: 1f8bbc503

Time (s): cpu = 00:00:01 ; elapsed = 00:00:00.830 . Memory (MB): peak = 1058.660 ; gain = 0.000

Phase 4.2 Post Placement Cleanup
Phase 4.2 Post Placement Cleanup | Checksum: 1f8bbc503

Time (s): cpu = 00:00:01 ; elapsed = 00:00:00.832 . Memory (MB): peak = 1058.660 ; gain = 0.000

Phase 4.3 Placer Reporting
Phase 4.3 Placer Reporting | Checksum: 1f8bbc503

Time (s): cpu = 00:00:01 ; elapsed = 00:00:00.833 . Memory (MB): peak = 1058.660 ; gain = 0.000

Phase 4.4 Final Placement Cleanup
Phase 4.4 Final Placement Cleanup | Checksum: 144113d33

Time (s): cpu = 00:00:01 ; elapsed = 00:00:00.835 . Memory (MB): peak = 1058.660 ; gain = 0.000
Phase 4 Post Placement Optimization and Clean-Up | Checksum: 144113d33

Time (s): cpu = 00:00:01 ; elapsed = 00:00:00.835 . Memory (MB): peak = 1058.660 ; gain = 0.000
Ending Placer Task | Checksum: a16a0efa

Time (s): cpu = 00:00:01 ; elapsed = 00:00:00.838 . Memory (MB): peak = 1058.660 ; gain = 0.000
40 Infos, 0 Warnings, 0 Critical Warnings and 0 Errors encountered.
place_design completed successfully
Writing placer database...
Writing XDEF routing.
Writing XDEF routing logical nets.
Writing XDEF routing special nets.
Write XDEF Complete: Time (s): cpu = 00:00:00 ; elapsed = 00:00:00.044 . Memory (MB): peak = 1058.660 ; gain = 0.000
INFO: [Common 17-1381] The checkpoint 'C:/Users/cao2/Desktop/soci/soci/soc_ic/soc_ic.runs/impl_2/top_placed.dcp' has been generated.
report_io: Time (s): cpu = 00:00:00 ; elapsed = 00:00:00.028 . Memory (MB): peak = 1058.660 ; gain = 0.000
report_utilization: Time (s): cpu = 00:00:00 ; elapsed = 00:00:00.020 . Memory (MB): peak = 1058.660 ; gain = 0.000
report_control_sets: Time (s): cpu = 00:00:00 ; elapsed = 00:00:00.001 . Memory (MB): peak = 1058.660 ; gain = 0.000
Command: route_design
Attempting to get a license for feature 'Implementation' and/or device 'xc7a35t-cpg236'
INFO: [Common 17-349] Got license for feature 'Implementation' and/or device 'xc7a35t-cpg236'
Running DRC as a precondition to command route_design
Command: report_drc (run_mandatory_drcs) for: router_checks
INFO: [DRC 23-27] Running DRC with 2 threads
report_drc (run_mandatory_drcs) completed successfully
INFO: [Vivado_Tcl 4-198] DRC finished with 0 Errors
INFO: [Vivado_Tcl 4-199] Please refer to the DRC report (report_drc) for more information.


Starting Routing Task
INFO: [Route 35-254] Multithreading enabled for route_design using a maximum of 2 CPUs
Checksum: PlaceDB: 6a3b1c93 ConstDB: 0 ShapeSum: 372ef267 RouteDB: 0

Phase 1 Build RT Design
Phase 1 Build RT Design | Checksum: 1162caf90

Time (s): cpu = 00:00:20 ; elapsed = 00:00:17 . Memory (MB): peak = 1174.125 ; gain = 115.465

Phase 2 Router Initialization

Phase 2.1 Create Timer
Phase 2.1 Create Timer | Checksum: 1162caf90

Time (s): cpu = 00:00:20 ; elapsed = 00:00:17 . Memory (MB): peak = 1174.125 ; gain = 115.465

Phase 2.2 Fix Topology Constraints
Phase 2.2 Fix Topology Constraints | Checksum: 1162caf90

Time (s): cpu = 00:00:20 ; elapsed = 00:00:17 . Memory (MB): peak = 1174.125 ; gain = 115.465

Phase 2.3 Pre Route Cleanup
Phase 2.3 Pre Route Cleanup | Checksum: 1162caf90

Time (s): cpu = 00:00:20 ; elapsed = 00:00:17 . Memory (MB): peak = 1174.125 ; gain = 115.465
 Number of Nodes with overlaps = 0

Phase 2.4 Update Timing
Phase 2.4 Update Timing | Checksum: 14d0e2246

Time (s): cpu = 00:00:20 ; elapsed = 00:00:18 . Memory (MB): peak = 1174.125 ; gain = 115.465
INFO: [Route 35-416] Intermediate Timing Summary | WNS=6.515  | TNS=0.000  | WHS=-0.092 | THS=-0.799 |

Phase 2 Router Initialization | Checksum: 1372c0dcd

Time (s): cpu = 00:00:20 ; elapsed = 00:00:18 . Memory (MB): peak = 1174.125 ; gain = 115.465

Phase 3 Initial Routing
Phase 3 Initial Routing | Checksum: 1c45077ba

Time (s): cpu = 00:00:20 ; elapsed = 00:00:18 . Memory (MB): peak = 1174.125 ; gain = 115.465

Phase 4 Rip-up And Reroute

Phase 4.1 Global Iteration 0
 Number of Nodes with overlaps = 7
 Number of Nodes with overlaps = 0
INFO: [Route 35-416] Intermediate Timing Summary | WNS=6.493  | TNS=0.000  | WHS=N/A    | THS=N/A    |

Phase 4.1 Global Iteration 0 | Checksum: 1b8226755

Time (s): cpu = 00:00:20 ; elapsed = 00:00:18 . Memory (MB): peak = 1174.125 ; gain = 115.465
Phase 4 Rip-up And Reroute | Checksum: 1b8226755

Time (s): cpu = 00:00:20 ; elapsed = 00:00:18 . Memory (MB): peak = 1174.125 ; gain = 115.465

Phase 5 Delay and Skew Optimization

Phase 5.1 Delay CleanUp
Phase 5.1 Delay CleanUp | Checksum: 1b8226755

Time (s): cpu = 00:00:20 ; elapsed = 00:00:18 . Memory (MB): peak = 1174.125 ; gain = 115.465

Phase 5.2 Clock Skew Optimization
Phase 5.2 Clock Skew Optimization | Checksum: 1b8226755

Time (s): cpu = 00:00:20 ; elapsed = 00:00:18 . Memory (MB): peak = 1174.125 ; gain = 115.465
Phase 5 Delay and Skew Optimization | Checksum: 1b8226755

Time (s): cpu = 00:00:20 ; elapsed = 00:00:18 . Memory (MB): peak = 1174.125 ; gain = 115.465

Phase 6 Post Hold Fix

Phase 6.1 Hold Fix Iter

Phase 6.1.1 Update Timing
Phase 6.1.1 Update Timing | Checksum: 17a37a9c4

Time (s): cpu = 00:00:20 ; elapsed = 00:00:18 . Memory (MB): peak = 1174.125 ; gain = 115.465
INFO: [Route 35-416] Intermediate Timing Summary | WNS=6.586  | TNS=0.000  | WHS=0.200  | THS=0.000  |

Phase 6.1 Hold Fix Iter | Checksum: 17a37a9c4

Time (s): cpu = 00:00:20 ; elapsed = 00:00:18 . Memory (MB): peak = 1174.125 ; gain = 115.465
Phase 6 Post Hold Fix | Checksum: 17a37a9c4

Time (s): cpu = 00:00:20 ; elapsed = 00:00:18 . Memory (MB): peak = 1174.125 ; gain = 115.465

Phase 7 Route finalize

Router Utilization Summary
  Global Vertical Routing Utilization    = 0.0169019 %
  Global Horizontal Routing Utilization  = 0.00260281 %
  Routable Net Status*
  *Does not include unroutable nets such as driverless and loadless.
  Run report_route_status for detailed report.
  Number of Failed Nets               = 0
  Number of Unrouted Nets             = 0
  Number of Partially Routed Nets     = 0
  Number of Node Overlaps             = 0

Phase 7 Route finalize | Checksum: 1bb9437ec

Time (s): cpu = 00:00:20 ; elapsed = 00:00:18 . Memory (MB): peak = 1174.125 ; gain = 115.465

Phase 8 Verifying routed nets

 Verification completed successfully
Phase 8 Verifying routed nets | Checksum: 1bb9437ec

Time (s): cpu = 00:00:20 ; elapsed = 00:00:18 . Memory (MB): peak = 1174.125 ; gain = 115.465

Phase 9 Depositing Routes
Phase 9 Depositing Routes | Checksum: 191d1bc9a

Time (s): cpu = 00:00:20 ; elapsed = 00:00:18 . Memory (MB): peak = 1174.125 ; gain = 115.465

Phase 10 Post Router Timing
INFO: [Route 35-57] Estimated Timing Summary | WNS=6.586  | TNS=0.000  | WHS=0.200  | THS=0.000  |

INFO: [Route 35-327] The final timing numbers are based on the router estimated timing analysis. For a complete and accurate timing signoff, please run report_timing_summary.
Phase 10 Post Router Timing | Checksum: 191d1bc9a

Time (s): cpu = 00:00:20 ; elapsed = 00:00:18 . Memory (MB): peak = 1174.125 ; gain = 115.465
INFO: [Route 35-16] Router Completed Successfully

Time (s): cpu = 00:00:20 ; elapsed = 00:00:18 . Memory (MB): peak = 1174.125 ; gain = 115.465

Routing Is Done.
52 Infos, 0 Warnings, 0 Critical Warnings and 0 Errors encountered.
route_design completed successfully
route_design: Time (s): cpu = 00:00:21 ; elapsed = 00:00:18 . Memory (MB): peak = 1174.125 ; gain = 115.465
Writing placer database...
Writing XDEF routing.
Writing XDEF routing logical nets.
Writing XDEF routing special nets.
Write XDEF Complete: Time (s): cpu = 00:00:00 ; elapsed = 00:00:00.043 . Memory (MB): peak = 1174.125 ; gain = 0.000
INFO: [Common 17-1381] The checkpoint 'C:/Users/cao2/Desktop/soci/soci/soc_ic/soc_ic.runs/impl_2/top_routed.dcp' has been generated.
Command: report_drc -file top_drc_routed.rpt -pb top_drc_routed.pb -rpx top_drc_routed.rpx
INFO: [DRC 23-27] Running DRC with 2 threads
INFO: [Coretcl 2-168] The results of DRC are in file C:/Users/cao2/Desktop/soci/soci/soc_ic/soc_ic.runs/impl_2/top_drc_routed.rpt.
report_drc completed successfully
Command: report_methodology -file top_methodology_drc_routed.rpt -rpx top_methodology_drc_routed.rpx
INFO: [Timing 38-35] Done setting XDC timing constraints.
INFO: [DRC 23-133] Running Methodology with 2 threads
INFO: [Coretcl 2-1520] The results of Report Methodology are in file C:/Users/cao2/Desktop/soci/soci/soc_ic/soc_ic.runs/impl_2/top_methodology_drc_routed.rpt.
report_methodology completed successfully
Command: report_power -file top_power_routed.rpt -pb top_power_summary_routed.pb -rpx top_power_routed.rpx
INFO: [Timing 38-35] Done setting XDC timing constraints.
Running Vector-less Activity Propagation...

Finished Running Vector-less Activity Propagation
59 Infos, 0 Warnings, 0 Critical Warnings and 0 Errors encountered.
report_power completed successfully
INFO: [Timing 38-91] UpdateTimingParams: Speed grade: -1, Delay Type: min_max.
INFO: [Timing 38-191] Multithreading enabled for timing update using a maximum of 2 CPUs
INFO: [Common 17-206] Exiting Vivado at Tue Aug  1 17:15:32 2017...
